{"numFailedTestSuites":40,"numFailedTests":7,"numPassedTestSuites":67,"numPassedTests":184,"numPendingTestSuites":0,"numPendingTests":0,"numRuntimeErrorTestSuites":38,"numTodoTests":0,"numTotalTestSuites":107,"numTotalTests":191,"openHandles":[],"snapshot":{"added":0,"didUpdate":false,"failure":false,"filesAdded":0,"filesRemoved":0,"filesRemovedList":[],"filesUnmatched":0,"filesUpdated":0,"matched":0,"total":0,"unchecked":0,"uncheckedKeysByFile":[],"unmatched":0,"updated":0},"startTime":1759720089739,"success":false,"testResults":[{"assertionResults":[{"ancestorTitles":["LoginRegisterForm"],"duration":233,"failing":false,"failureDetails":[],"failureMessages":[],"fullName":"LoginRegisterForm login exitoso","invocations":1,"location":null,"numPassingAsserts":1,"retryReasons":[],"startAt":1759720100498,"status":"passed","title":"login exitoso"},{"ancestorTitles":["LoginRegisterForm"],"duration":30,"failing":false,"failureDetails":[],"failureMessages":[],"fullName":"LoginRegisterForm registro exitoso","invocations":1,"location":null,"numPassingAsserts":1,"retryReasons":[],"startAt":1759720100734,"status":"passed","title":"registro exitoso"},{"ancestorTitles":["LoginRegisterForm"],"duration":38,"failing":false,"failureDetails":[],"failureMessages":[],"fullName":"LoginRegisterForm login falla con credenciales inválidas","invocations":1,"location":null,"numPassingAsserts":1,"retryReasons":[],"startAt":1759720100768,"status":"passed","title":"login falla con credenciales inválidas"},{"ancestorTitles":["LoginRegisterForm"],"duration":28,"failing":false,"failureDetails":[],"failureMessages":[],"fullName":"LoginRegisterForm registro falla con email ya registrado","invocations":1,"location":null,"numPassingAsserts":1,"retryReasons":[],"startAt":1759720100807,"status":"passed","title":"registro falla con email ya registrado"},{"ancestorTitles":["LoginRegisterForm"],"duration":35,"failing":false,"failureDetails":[],"failureMessages":[],"fullName":"LoginRegisterForm renderiza el formulario de acceso","invocations":1,"location":null,"numPassingAsserts":3,"retryReasons":[],"startAt":1759720100837,"status":"passed","title":"renderiza el formulario de acceso"},{"ancestorTitles":["LoginRegisterForm"],"duration":76,"failing":false,"failureDetails":[],"failureMessages":[],"fullName":"LoginRegisterForm botón Ingresar con Email funciona","invocations":1,"location":null,"numPassingAsserts":1,"retryReasons":[],"startAt":1759720100873,"status":"passed","title":"botón Ingresar con Email funciona"},{"ancestorTitles":["LoginRegisterForm"],"duration":74,"failing":false,"failureDetails":[],"failureMessages":[],"fullName":"LoginRegisterForm botón Ingresar con Google funciona","invocations":1,"location":null,"numPassingAsserts":1,"retryReasons":[],"startAt":1759720100951,"status":"passed","title":"botón Ingresar con Google funciona"},{"ancestorTitles":["LoginRegisterForm"],"duration":42,"failing":false,"failureDetails":[],"failureMessages":[],"fullName":"LoginRegisterForm botón Ingresar con Facebook funciona","invocations":1,"location":null,"numPassingAsserts":1,"retryReasons":[],"startAt":1759720101026,"status":"passed","title":"botón Ingresar con Facebook funciona"},{"ancestorTitles":["LoginRegisterForm"],"duration":3,"failing":false,"failureDetails":[{}],"failureMessages":["ReferenceError: RouterWrapper is not defined\n    at RouterWrapper (C:\\Users\\lenovo\\Desktop\\futpro2.0\\src\\pages\\__tests__\\LoginRegisterForm.test.jsx:143:15)\n    at Generator.call (C:\\Users\\lenovo\\Desktop\\futpro2.0\\src\\pages\\__tests__\\LoginRegisterForm.test.jsx:2:1)\n    at Generator._invoke [as next] (C:\\Users\\lenovo\\Desktop\\futpro2.0\\src\\pages\\__tests__\\LoginRegisterForm.test.jsx:2:1)\n    at asyncGeneratorStep (C:\\Users\\lenovo\\Desktop\\futpro2.0\\src\\pages\\__tests__\\LoginRegisterForm.test.jsx:2:1)\n    at asyncGeneratorStep (C:\\Users\\lenovo\\Desktop\\futpro2.0\\src\\pages\\__tests__\\LoginRegisterForm.test.jsx:2:1)\n    at _next (C:\\Users\\lenovo\\Desktop\\futpro2.0\\src\\pages\\__tests__\\LoginRegisterForm.test.jsx:2:1)\n    at new Promise (<anonymous>)\n    at C:\\Users\\lenovo\\Desktop\\futpro2.0\\src\\pages\\__tests__\\LoginRegisterForm.test.jsx:2:1\n    at C:\\Users\\lenovo\\Desktop\\futpro2.0\\node_modules\\@testing-library\\react\\dist\\act-compat.js:48:24\n    at act (C:\\Users\\lenovo\\Desktop\\futpro2.0\\node_modules\\react\\cjs\\react.development.js:2512:16)\n    at C:\\Users\\lenovo\\Desktop\\futpro2.0\\node_modules\\@testing-library\\react\\dist\\act-compat.js:47:25\n    at C:\\Users\\lenovo\\Desktop\\futpro2.0\\src\\pages\\__tests__\\LoginRegisterForm.test.jsx:142:14\n    at Generator.call (C:\\Users\\lenovo\\Desktop\\futpro2.0\\src\\pages\\__tests__\\LoginRegisterForm.test.jsx:2:1)\n    at Generator._invoke [as next] (C:\\Users\\lenovo\\Desktop\\futpro2.0\\src\\pages\\__tests__\\LoginRegisterForm.test.jsx:2:1)\n    at asyncGeneratorStep (C:\\Users\\lenovo\\Desktop\\futpro2.0\\src\\pages\\__tests__\\LoginRegisterForm.test.jsx:2:1)\n    at asyncGeneratorStep (C:\\Users\\lenovo\\Desktop\\futpro2.0\\src\\pages\\__tests__\\LoginRegisterForm.test.jsx:2:1)\n    at _next (C:\\Users\\lenovo\\Desktop\\futpro2.0\\src\\pages\\__tests__\\LoginRegisterForm.test.jsx:2:1)\n    at new Promise (<anonymous>)\n    at Object.<anonymous> (C:\\Users\\lenovo\\Desktop\\futpro2.0\\src\\pages\\__tests__\\LoginRegisterForm.test.jsx:2:1)\n    at Promise.finally.completed (C:\\Users\\lenovo\\Desktop\\futpro2.0\\node_modules\\jest-circus\\build\\jestAdapterInit.js:1557:28)\n    at new Promise (<anonymous>)\n    at callAsyncCircusFn (C:\\Users\\lenovo\\Desktop\\futpro2.0\\node_modules\\jest-circus\\build\\jestAdapterInit.js:1497:10)\n    at _callCircusTest (C:\\Users\\lenovo\\Desktop\\futpro2.0\\node_modules\\jest-circus\\build\\jestAdapterInit.js:1007:40)\n    at _runTest (C:\\Users\\lenovo\\Desktop\\futpro2.0\\node_modules\\jest-circus\\build\\jestAdapterInit.js:947:3)\n    at C:\\Users\\lenovo\\Desktop\\futpro2.0\\node_modules\\jest-circus\\build\\jestAdapterInit.js:849:7\n    at _runTestsForDescribeBlock (C:\\Users\\lenovo\\Desktop\\futpro2.0\\node_modules\\jest-circus\\build\\jestAdapterInit.js:862:11)\n    at _runTestsForDescribeBlock (C:\\Users\\lenovo\\Desktop\\futpro2.0\\node_modules\\jest-circus\\build\\jestAdapterInit.js:857:11)\n    at run (C:\\Users\\lenovo\\Desktop\\futpro2.0\\node_modules\\jest-circus\\build\\jestAdapterInit.js:761:3)\n    at runAndTransformResultsToJestFormat (C:\\Users\\lenovo\\Desktop\\futpro2.0\\node_modules\\jest-circus\\build\\jestAdapterInit.js:1918:21)\n    at jestAdapter (C:\\Users\\lenovo\\Desktop\\futpro2.0\\node_modules\\jest-circus\\build\\runner.js:101:19)\n    at runTestInternal (C:\\Users\\lenovo\\Desktop\\futpro2.0\\node_modules\\jest-runner\\build\\index.js:275:16)\n    at runTest (C:\\Users\\lenovo\\Desktop\\futpro2.0\\node_modules\\jest-runner\\build\\index.js:343:7)"],"fullName":"LoginRegisterForm registro exitoso","invocations":1,"location":null,"numPassingAsserts":0,"retryReasons":[],"startAt":1759720101069,"status":"failed","title":"registro exitoso"},{"ancestorTitles":["LoginRegisterForm"],"duration":1,"failing":false,"failureDetails":[{}],"failureMessages":["ReferenceError: RouterWrapper is not defined\n    at RouterWrapper (C:\\Users\\lenovo\\Desktop\\futpro2.0\\src\\pages\\__tests__\\LoginRegisterForm.test.jsx:157:15)\n    at Generator.call (C:\\Users\\lenovo\\Desktop\\futpro2.0\\src\\pages\\__tests__\\LoginRegisterForm.test.jsx:2:1)\n    at Generator._invoke [as next] (C:\\Users\\lenovo\\Desktop\\futpro2.0\\src\\pages\\__tests__\\LoginRegisterForm.test.jsx:2:1)\n    at asyncGeneratorStep (C:\\Users\\lenovo\\Desktop\\futpro2.0\\src\\pages\\__tests__\\LoginRegisterForm.test.jsx:2:1)\n    at asyncGeneratorStep (C:\\Users\\lenovo\\Desktop\\futpro2.0\\src\\pages\\__tests__\\LoginRegisterForm.test.jsx:2:1)\n    at _next (C:\\Users\\lenovo\\Desktop\\futpro2.0\\src\\pages\\__tests__\\LoginRegisterForm.test.jsx:2:1)\n    at new Promise (<anonymous>)\n    at C:\\Users\\lenovo\\Desktop\\futpro2.0\\src\\pages\\__tests__\\LoginRegisterForm.test.jsx:2:1\n    at C:\\Users\\lenovo\\Desktop\\futpro2.0\\node_modules\\@testing-library\\react\\dist\\act-compat.js:48:24\n    at act (C:\\Users\\lenovo\\Desktop\\futpro2.0\\node_modules\\react\\cjs\\react.development.js:2512:16)\n    at C:\\Users\\lenovo\\Desktop\\futpro2.0\\node_modules\\@testing-library\\react\\dist\\act-compat.js:47:25\n    at C:\\Users\\lenovo\\Desktop\\futpro2.0\\src\\pages\\__tests__\\LoginRegisterForm.test.jsx:156:14\n    at Generator.call (C:\\Users\\lenovo\\Desktop\\futpro2.0\\src\\pages\\__tests__\\LoginRegisterForm.test.jsx:2:1)\n    at Generator._invoke [as next] (C:\\Users\\lenovo\\Desktop\\futpro2.0\\src\\pages\\__tests__\\LoginRegisterForm.test.jsx:2:1)\n    at asyncGeneratorStep (C:\\Users\\lenovo\\Desktop\\futpro2.0\\src\\pages\\__tests__\\LoginRegisterForm.test.jsx:2:1)\n    at asyncGeneratorStep (C:\\Users\\lenovo\\Desktop\\futpro2.0\\src\\pages\\__tests__\\LoginRegisterForm.test.jsx:2:1)\n    at _next (C:\\Users\\lenovo\\Desktop\\futpro2.0\\src\\pages\\__tests__\\LoginRegisterForm.test.jsx:2:1)\n    at new Promise (<anonymous>)\n    at Object.<anonymous> (C:\\Users\\lenovo\\Desktop\\futpro2.0\\src\\pages\\__tests__\\LoginRegisterForm.test.jsx:2:1)\n    at Promise.finally.completed (C:\\Users\\lenovo\\Desktop\\futpro2.0\\node_modules\\jest-circus\\build\\jestAdapterInit.js:1557:28)\n    at new Promise (<anonymous>)\n    at callAsyncCircusFn (C:\\Users\\lenovo\\Desktop\\futpro2.0\\node_modules\\jest-circus\\build\\jestAdapterInit.js:1497:10)\n    at _callCircusTest (C:\\Users\\lenovo\\Desktop\\futpro2.0\\node_modules\\jest-circus\\build\\jestAdapterInit.js:1007:40)\n    at _runTest (C:\\Users\\lenovo\\Desktop\\futpro2.0\\node_modules\\jest-circus\\build\\jestAdapterInit.js:947:3)\n    at C:\\Users\\lenovo\\Desktop\\futpro2.0\\node_modules\\jest-circus\\build\\jestAdapterInit.js:849:7\n    at _runTestsForDescribeBlock (C:\\Users\\lenovo\\Desktop\\futpro2.0\\node_modules\\jest-circus\\build\\jestAdapterInit.js:862:11)\n    at _runTestsForDescribeBlock (C:\\Users\\lenovo\\Desktop\\futpro2.0\\node_modules\\jest-circus\\build\\jestAdapterInit.js:857:11)\n    at run (C:\\Users\\lenovo\\Desktop\\futpro2.0\\node_modules\\jest-circus\\build\\jestAdapterInit.js:761:3)\n    at runAndTransformResultsToJestFormat (C:\\Users\\lenovo\\Desktop\\futpro2.0\\node_modules\\jest-circus\\build\\jestAdapterInit.js:1918:21)\n    at jestAdapter (C:\\Users\\lenovo\\Desktop\\futpro2.0\\node_modules\\jest-circus\\build\\runner.js:101:19)\n    at runTestInternal (C:\\Users\\lenovo\\Desktop\\futpro2.0\\node_modules\\jest-runner\\build\\index.js:275:16)\n    at runTest (C:\\Users\\lenovo\\Desktop\\futpro2.0\\node_modules\\jest-runner\\build\\index.js:343:7)"],"fullName":"LoginRegisterForm login falla con credenciales inválidas","invocations":1,"location":null,"numPassingAsserts":0,"retryReasons":[],"startAt":1759720101135,"status":"failed","title":"login falla con credenciales inválidas"},{"ancestorTitles":["LoginRegisterForm"],"duration":2,"failing":false,"failureDetails":[{}],"failureMessages":["ReferenceError: RouterWrapper is not defined\n    at RouterWrapper (C:\\Users\\lenovo\\Desktop\\futpro2.0\\src\\pages\\__tests__\\LoginRegisterForm.test.jsx:172:15)\n    at Generator.call (C:\\Users\\lenovo\\Desktop\\futpro2.0\\src\\pages\\__tests__\\LoginRegisterForm.test.jsx:2:1)\n    at Generator._invoke [as next] (C:\\Users\\lenovo\\Desktop\\futpro2.0\\src\\pages\\__tests__\\LoginRegisterForm.test.jsx:2:1)\n    at asyncGeneratorStep (C:\\Users\\lenovo\\Desktop\\futpro2.0\\src\\pages\\__tests__\\LoginRegisterForm.test.jsx:2:1)\n    at asyncGeneratorStep (C:\\Users\\lenovo\\Desktop\\futpro2.0\\src\\pages\\__tests__\\LoginRegisterForm.test.jsx:2:1)\n    at _next (C:\\Users\\lenovo\\Desktop\\futpro2.0\\src\\pages\\__tests__\\LoginRegisterForm.test.jsx:2:1)\n    at new Promise (<anonymous>)\n    at C:\\Users\\lenovo\\Desktop\\futpro2.0\\src\\pages\\__tests__\\LoginRegisterForm.test.jsx:2:1\n    at C:\\Users\\lenovo\\Desktop\\futpro2.0\\node_modules\\@testing-library\\react\\dist\\act-compat.js:48:24\n    at act (C:\\Users\\lenovo\\Desktop\\futpro2.0\\node_modules\\react\\cjs\\react.development.js:2512:16)\n    at C:\\Users\\lenovo\\Desktop\\futpro2.0\\node_modules\\@testing-library\\react\\dist\\act-compat.js:47:25\n    at C:\\Users\\lenovo\\Desktop\\futpro2.0\\src\\pages\\__tests__\\LoginRegisterForm.test.jsx:171:14\n    at Generator.call (C:\\Users\\lenovo\\Desktop\\futpro2.0\\src\\pages\\__tests__\\LoginRegisterForm.test.jsx:2:1)\n    at Generator._invoke [as next] (C:\\Users\\lenovo\\Desktop\\futpro2.0\\src\\pages\\__tests__\\LoginRegisterForm.test.jsx:2:1)\n    at asyncGeneratorStep (C:\\Users\\lenovo\\Desktop\\futpro2.0\\src\\pages\\__tests__\\LoginRegisterForm.test.jsx:2:1)\n    at asyncGeneratorStep (C:\\Users\\lenovo\\Desktop\\futpro2.0\\src\\pages\\__tests__\\LoginRegisterForm.test.jsx:2:1)\n    at _next (C:\\Users\\lenovo\\Desktop\\futpro2.0\\src\\pages\\__tests__\\LoginRegisterForm.test.jsx:2:1)\n    at new Promise (<anonymous>)\n    at Object.<anonymous> (C:\\Users\\lenovo\\Desktop\\futpro2.0\\src\\pages\\__tests__\\LoginRegisterForm.test.jsx:2:1)\n    at Promise.finally.completed (C:\\Users\\lenovo\\Desktop\\futpro2.0\\node_modules\\jest-circus\\build\\jestAdapterInit.js:1557:28)\n    at new Promise (<anonymous>)\n    at callAsyncCircusFn (C:\\Users\\lenovo\\Desktop\\futpro2.0\\node_modules\\jest-circus\\build\\jestAdapterInit.js:1497:10)\n    at _callCircusTest (C:\\Users\\lenovo\\Desktop\\futpro2.0\\node_modules\\jest-circus\\build\\jestAdapterInit.js:1007:40)\n    at _runTest (C:\\Users\\lenovo\\Desktop\\futpro2.0\\node_modules\\jest-circus\\build\\jestAdapterInit.js:947:3)\n    at C:\\Users\\lenovo\\Desktop\\futpro2.0\\node_modules\\jest-circus\\build\\jestAdapterInit.js:849:7\n    at _runTestsForDescribeBlock (C:\\Users\\lenovo\\Desktop\\futpro2.0\\node_modules\\jest-circus\\build\\jestAdapterInit.js:862:11)\n    at _runTestsForDescribeBlock (C:\\Users\\lenovo\\Desktop\\futpro2.0\\node_modules\\jest-circus\\build\\jestAdapterInit.js:857:11)\n    at run (C:\\Users\\lenovo\\Desktop\\futpro2.0\\node_modules\\jest-circus\\build\\jestAdapterInit.js:761:3)\n    at runAndTransformResultsToJestFormat (C:\\Users\\lenovo\\Desktop\\futpro2.0\\node_modules\\jest-circus\\build\\jestAdapterInit.js:1918:21)\n    at jestAdapter (C:\\Users\\lenovo\\Desktop\\futpro2.0\\node_modules\\jest-circus\\build\\runner.js:101:19)\n    at runTestInternal (C:\\Users\\lenovo\\Desktop\\futpro2.0\\node_modules\\jest-runner\\build\\index.js:275:16)\n    at runTest (C:\\Users\\lenovo\\Desktop\\futpro2.0\\node_modules\\jest-runner\\build\\index.js:343:7)"],"fullName":"LoginRegisterForm registro falla con email ya registrado","invocations":1,"location":null,"numPassingAsserts":0,"retryReasons":[],"startAt":1759720101141,"status":"failed","title":"registro falla con email ya registrado"}],"endTime":1759720101280,"message":"\u001b[1m\u001b[31m  \u001b[1m● \u001b[22m\u001b[1mLoginRegisterForm › registro exitoso\u001b[39m\u001b[22m\n\n    ReferenceError: RouterWrapper is not defined\n\u001b[2m\u001b[22m\n\u001b[2m    \u001b[0m \u001b[90m 141 |\u001b[39m   test(\u001b[32m'registro exitoso'\u001b[39m\u001b[33m,\u001b[39m \u001b[36masync\u001b[39m () \u001b[33m=>\u001b[39m {\u001b[22m\n\u001b[2m     \u001b[90m 142 |\u001b[39m     \u001b[36mawait\u001b[39m act(\u001b[36masync\u001b[39m () \u001b[33m=>\u001b[39m {\u001b[22m\n\u001b[2m    \u001b[31m\u001b[1m>\u001b[22m\u001b[2m\u001b[39m\u001b[90m 143 |\u001b[39m       render(\u001b[33m<\u001b[39m\u001b[33mRouterWrapper\u001b[39m\u001b[33m>\u001b[39m\u001b[33m<\u001b[39m\u001b[33mLoginRegisterForm\u001b[39m \u001b[33m/\u001b[39m\u001b[33m>\u001b[39m\u001b[33m<\u001b[39m\u001b[33m/\u001b[39m\u001b[33mRouterWrapper\u001b[39m\u001b[33m>\u001b[39m)\u001b[33m;\u001b[39m\u001b[22m\n\u001b[2m     \u001b[90m     |\u001b[39m               \u001b[31m\u001b[1m^\u001b[22m\u001b[2m\u001b[39m\u001b[22m\n\u001b[2m     \u001b[90m 144 |\u001b[39m     })\u001b[33m;\u001b[39m\u001b[22m\n\u001b[2m     \u001b[90m 145 |\u001b[39m     fireEvent\u001b[33m.\u001b[39mclick(screen\u001b[33m.\u001b[39mgetByText(\u001b[32m'Usar Email y Contraseña'\u001b[39m))\u001b[33m;\u001b[39m\u001b[22m\n\u001b[2m     \u001b[90m 146 |\u001b[39m     fireEvent\u001b[33m.\u001b[39mclick(screen\u001b[33m.\u001b[39mgetByText(\u001b[32m'¿No tienes cuenta? Registrarse'\u001b[39m))\u001b[33m;\u001b[39m\u001b[0m\u001b[22m\n\u001b[2m\u001b[22m\n\u001b[2m      \u001b[2mat RouterWrapper (\u001b[22m\u001b[2m\u001b[0m\u001b[36msrc/pages/__tests__/LoginRegisterForm.test.jsx\u001b[39m\u001b[0m\u001b[2m:143:15)\u001b[22m\u001b[2m\u001b[22m\n\u001b[2m      \u001b[2mat Generator.call (\u001b[22m\u001b[2m\u001b[0m\u001b[36msrc/pages/__tests__/LoginRegisterForm.test.jsx\u001b[39m\u001b[0m\u001b[2m:2:1)\u001b[22m\u001b[2m\u001b[22m\n\u001b[2m      \u001b[2mat Generator._invoke [as next] (\u001b[22m\u001b[2m\u001b[0m\u001b[36msrc/pages/__tests__/LoginRegisterForm.test.jsx\u001b[39m\u001b[0m\u001b[2m:2:1)\u001b[22m\u001b[2m\u001b[22m\n\u001b[2m      \u001b[2mat asyncGeneratorStep (\u001b[22m\u001b[2m\u001b[0m\u001b[36msrc/pages/__tests__/LoginRegisterForm.test.jsx\u001b[39m\u001b[0m\u001b[2m:2:1)\u001b[22m\u001b[2m\u001b[22m\n\u001b[2m      \u001b[2mat asyncGeneratorStep (\u001b[22m\u001b[2m\u001b[0m\u001b[36msrc/pages/__tests__/LoginRegisterForm.test.jsx\u001b[39m\u001b[0m\u001b[2m:2:1)\u001b[22m\u001b[2m\u001b[22m\n\u001b[2m      \u001b[2mat _next (\u001b[22m\u001b[2m\u001b[0m\u001b[36msrc/pages/__tests__/LoginRegisterForm.test.jsx\u001b[39m\u001b[0m\u001b[2m:2:1)\u001b[22m\u001b[2m\u001b[22m\n\u001b[2m      \u001b[2mat \u001b[22m\u001b[2m\u001b[0m\u001b[36msrc/pages/__tests__/LoginRegisterForm.test.jsx\u001b[39m\u001b[0m\u001b[2m:2:1\u001b[22m\u001b[2m\u001b[22m\n\u001b[2m      \u001b[2mat \u001b[22m\u001b[2mnode_modules/@testing-library/react/dist/act-compat.js\u001b[2m:48:24\u001b[22m\u001b[2m\u001b[22m\n\u001b[2m      \u001b[2mat act (\u001b[22m\u001b[2mnode_modules/react/cjs/react.development.js\u001b[2m:2512:16)\u001b[22m\u001b[2m\u001b[22m\n\u001b[2m      \u001b[2mat \u001b[22m\u001b[2mnode_modules/@testing-library/react/dist/act-compat.js\u001b[2m:47:25\u001b[22m\u001b[2m\u001b[22m\n\u001b[2m      \u001b[2mat \u001b[22m\u001b[2m\u001b[0m\u001b[36msrc/pages/__tests__/LoginRegisterForm.test.jsx\u001b[39m\u001b[0m\u001b[2m:142:14\u001b[22m\u001b[2m\u001b[22m\n\u001b[2m      \u001b[2mat Generator.call (\u001b[22m\u001b[2m\u001b[0m\u001b[36msrc/pages/__tests__/LoginRegisterForm.test.jsx\u001b[39m\u001b[0m\u001b[2m:2:1)\u001b[22m\u001b[2m\u001b[22m\n\u001b[2m      \u001b[2mat Generator._invoke [as next] (\u001b[22m\u001b[2m\u001b[0m\u001b[36msrc/pages/__tests__/LoginRegisterForm.test.jsx\u001b[39m\u001b[0m\u001b[2m:2:1)\u001b[22m\u001b[2m\u001b[22m\n\u001b[2m      \u001b[2mat asyncGeneratorStep (\u001b[22m\u001b[2m\u001b[0m\u001b[36msrc/pages/__tests__/LoginRegisterForm.test.jsx\u001b[39m\u001b[0m\u001b[2m:2:1)\u001b[22m\u001b[2m\u001b[22m\n\u001b[2m      \u001b[2mat asyncGeneratorStep (\u001b[22m\u001b[2m\u001b[0m\u001b[36msrc/pages/__tests__/LoginRegisterForm.test.jsx\u001b[39m\u001b[0m\u001b[2m:2:1)\u001b[22m\u001b[2m\u001b[22m\n\u001b[2m      \u001b[2mat _next (\u001b[22m\u001b[2m\u001b[0m\u001b[36msrc/pages/__tests__/LoginRegisterForm.test.jsx\u001b[39m\u001b[0m\u001b[2m:2:1)\u001b[22m\u001b[2m\u001b[22m\n\u001b[2m      \u001b[2mat Object.<anonymous> (\u001b[22m\u001b[2m\u001b[0m\u001b[36msrc/pages/__tests__/LoginRegisterForm.test.jsx\u001b[39m\u001b[0m\u001b[2m:2:1)\u001b[22m\u001b[2m\u001b[22m\n\n\u001b[1m\u001b[31m  \u001b[1m● \u001b[22m\u001b[1mLoginRegisterForm › login falla con credenciales inválidas\u001b[39m\u001b[22m\n\n    ReferenceError: RouterWrapper is not defined\n\u001b[2m\u001b[22m\n\u001b[2m    \u001b[0m \u001b[90m 155 |\u001b[39m   test(\u001b[32m'login falla con credenciales inválidas'\u001b[39m\u001b[33m,\u001b[39m \u001b[36masync\u001b[39m () \u001b[33m=>\u001b[39m {\u001b[22m\n\u001b[2m     \u001b[90m 156 |\u001b[39m     \u001b[36mawait\u001b[39m act(\u001b[36masync\u001b[39m () \u001b[33m=>\u001b[39m {\u001b[22m\n\u001b[2m    \u001b[31m\u001b[1m>\u001b[22m\u001b[2m\u001b[39m\u001b[90m 157 |\u001b[39m       render(\u001b[33m<\u001b[39m\u001b[33mRouterWrapper\u001b[39m\u001b[33m>\u001b[39m\u001b[33m<\u001b[39m\u001b[33mLoginRegisterForm\u001b[39m \u001b[33m/\u001b[39m\u001b[33m>\u001b[39m\u001b[33m<\u001b[39m\u001b[33m/\u001b[39m\u001b[33mRouterWrapper\u001b[39m\u001b[33m>\u001b[39m)\u001b[33m;\u001b[39m\u001b[22m\n\u001b[2m     \u001b[90m     |\u001b[39m               \u001b[31m\u001b[1m^\u001b[22m\u001b[2m\u001b[39m\u001b[22m\n\u001b[2m     \u001b[90m 158 |\u001b[39m     })\u001b[33m;\u001b[39m\u001b[22m\n\u001b[2m     \u001b[90m 159 |\u001b[39m     fireEvent\u001b[33m.\u001b[39mclick(screen\u001b[33m.\u001b[39mgetByText(\u001b[32m'Ingresar con Email'\u001b[39m))\u001b[33m;\u001b[39m\u001b[22m\n\u001b[2m     \u001b[90m 160 |\u001b[39m     \u001b[36mconst\u001b[39m emailInput \u001b[33m=\u001b[39m \u001b[36mawait\u001b[39m screen\u001b[33m.\u001b[39mfindByPlaceholderText(\u001b[32m'Email'\u001b[39m)\u001b[33m;\u001b[39m\u001b[0m\u001b[22m\n\u001b[2m\u001b[22m\n\u001b[2m      \u001b[2mat RouterWrapper (\u001b[22m\u001b[2m\u001b[0m\u001b[36msrc/pages/__tests__/LoginRegisterForm.test.jsx\u001b[39m\u001b[0m\u001b[2m:157:15)\u001b[22m\u001b[2m\u001b[22m\n\u001b[2m      \u001b[2mat Generator.call (\u001b[22m\u001b[2m\u001b[0m\u001b[36msrc/pages/__tests__/LoginRegisterForm.test.jsx\u001b[39m\u001b[0m\u001b[2m:2:1)\u001b[22m\u001b[2m\u001b[22m\n\u001b[2m      \u001b[2mat Generator._invoke [as next] (\u001b[22m\u001b[2m\u001b[0m\u001b[36msrc/pages/__tests__/LoginRegisterForm.test.jsx\u001b[39m\u001b[0m\u001b[2m:2:1)\u001b[22m\u001b[2m\u001b[22m\n\u001b[2m      \u001b[2mat asyncGeneratorStep (\u001b[22m\u001b[2m\u001b[0m\u001b[36msrc/pages/__tests__/LoginRegisterForm.test.jsx\u001b[39m\u001b[0m\u001b[2m:2:1)\u001b[22m\u001b[2m\u001b[22m\n\u001b[2m      \u001b[2mat asyncGeneratorStep (\u001b[22m\u001b[2m\u001b[0m\u001b[36msrc/pages/__tests__/LoginRegisterForm.test.jsx\u001b[39m\u001b[0m\u001b[2m:2:1)\u001b[22m\u001b[2m\u001b[22m\n\u001b[2m      \u001b[2mat _next (\u001b[22m\u001b[2m\u001b[0m\u001b[36msrc/pages/__tests__/LoginRegisterForm.test.jsx\u001b[39m\u001b[0m\u001b[2m:2:1)\u001b[22m\u001b[2m\u001b[22m\n\u001b[2m      \u001b[2mat \u001b[22m\u001b[2m\u001b[0m\u001b[36msrc/pages/__tests__/LoginRegisterForm.test.jsx\u001b[39m\u001b[0m\u001b[2m:2:1\u001b[22m\u001b[2m\u001b[22m\n\u001b[2m      \u001b[2mat \u001b[22m\u001b[2mnode_modules/@testing-library/react/dist/act-compat.js\u001b[2m:48:24\u001b[22m\u001b[2m\u001b[22m\n\u001b[2m      \u001b[2mat act (\u001b[22m\u001b[2mnode_modules/react/cjs/react.development.js\u001b[2m:2512:16)\u001b[22m\u001b[2m\u001b[22m\n\u001b[2m      \u001b[2mat \u001b[22m\u001b[2mnode_modules/@testing-library/react/dist/act-compat.js\u001b[2m:47:25\u001b[22m\u001b[2m\u001b[22m\n\u001b[2m      \u001b[2mat \u001b[22m\u001b[2m\u001b[0m\u001b[36msrc/pages/__tests__/LoginRegisterForm.test.jsx\u001b[39m\u001b[0m\u001b[2m:156:14\u001b[22m\u001b[2m\u001b[22m\n\u001b[2m      \u001b[2mat Generator.call (\u001b[22m\u001b[2m\u001b[0m\u001b[36msrc/pages/__tests__/LoginRegisterForm.test.jsx\u001b[39m\u001b[0m\u001b[2m:2:1)\u001b[22m\u001b[2m\u001b[22m\n\u001b[2m      \u001b[2mat Generator._invoke [as next] (\u001b[22m\u001b[2m\u001b[0m\u001b[36msrc/pages/__tests__/LoginRegisterForm.test.jsx\u001b[39m\u001b[0m\u001b[2m:2:1)\u001b[22m\u001b[2m\u001b[22m\n\u001b[2m      \u001b[2mat asyncGeneratorStep (\u001b[22m\u001b[2m\u001b[0m\u001b[36msrc/pages/__tests__/LoginRegisterForm.test.jsx\u001b[39m\u001b[0m\u001b[2m:2:1)\u001b[22m\u001b[2m\u001b[22m\n\u001b[2m      \u001b[2mat asyncGeneratorStep (\u001b[22m\u001b[2m\u001b[0m\u001b[36msrc/pages/__tests__/LoginRegisterForm.test.jsx\u001b[39m\u001b[0m\u001b[2m:2:1)\u001b[22m\u001b[2m\u001b[22m\n\u001b[2m      \u001b[2mat _next (\u001b[22m\u001b[2m\u001b[0m\u001b[36msrc/pages/__tests__/LoginRegisterForm.test.jsx\u001b[39m\u001b[0m\u001b[2m:2:1)\u001b[22m\u001b[2m\u001b[22m\n\u001b[2m      \u001b[2mat Object.<anonymous> (\u001b[22m\u001b[2m\u001b[0m\u001b[36msrc/pages/__tests__/LoginRegisterForm.test.jsx\u001b[39m\u001b[0m\u001b[2m:2:1)\u001b[22m\u001b[2m\u001b[22m\n\n\u001b[1m\u001b[31m  \u001b[1m● \u001b[22m\u001b[1mLoginRegisterForm › registro falla con email ya registrado\u001b[39m\u001b[22m\n\n    ReferenceError: RouterWrapper is not defined\n\u001b[2m\u001b[22m\n\u001b[2m    \u001b[0m \u001b[90m 170 |\u001b[39m   test(\u001b[32m'registro falla con email ya registrado'\u001b[39m\u001b[33m,\u001b[39m \u001b[36masync\u001b[39m () \u001b[33m=>\u001b[39m {\u001b[22m\n\u001b[2m     \u001b[90m 171 |\u001b[39m     \u001b[36mawait\u001b[39m act(\u001b[36masync\u001b[39m () \u001b[33m=>\u001b[39m {\u001b[22m\n\u001b[2m    \u001b[31m\u001b[1m>\u001b[22m\u001b[2m\u001b[39m\u001b[90m 172 |\u001b[39m       render(\u001b[33m<\u001b[39m\u001b[33mRouterWrapper\u001b[39m\u001b[33m>\u001b[39m\u001b[33m<\u001b[39m\u001b[33mLoginRegisterForm\u001b[39m \u001b[33m/\u001b[39m\u001b[33m>\u001b[39m\u001b[33m<\u001b[39m\u001b[33m/\u001b[39m\u001b[33mRouterWrapper\u001b[39m\u001b[33m>\u001b[39m)\u001b[33m;\u001b[39m\u001b[22m\n\u001b[2m     \u001b[90m     |\u001b[39m               \u001b[31m\u001b[1m^\u001b[22m\u001b[2m\u001b[39m\u001b[22m\n\u001b[2m     \u001b[90m 173 |\u001b[39m     })\u001b[33m;\u001b[39m\u001b[22m\n\u001b[2m     \u001b[90m 174 |\u001b[39m     fireEvent\u001b[33m.\u001b[39mclick(screen\u001b[33m.\u001b[39mgetByText(\u001b[32m'Ingresar con Email'\u001b[39m))\u001b[33m;\u001b[39m\u001b[22m\n\u001b[2m     \u001b[90m 175 |\u001b[39m     fireEvent\u001b[33m.\u001b[39mclick(screen\u001b[33m.\u001b[39mgetByText(\u001b[32m'¿No tienes cuenta?'\u001b[39m))\u001b[33m;\u001b[39m\u001b[0m\u001b[22m\n\u001b[2m\u001b[22m\n\u001b[2m      \u001b[2mat RouterWrapper (\u001b[22m\u001b[2m\u001b[0m\u001b[36msrc/pages/__tests__/LoginRegisterForm.test.jsx\u001b[39m\u001b[0m\u001b[2m:172:15)\u001b[22m\u001b[2m\u001b[22m\n\u001b[2m      \u001b[2mat Generator.call (\u001b[22m\u001b[2m\u001b[0m\u001b[36msrc/pages/__tests__/LoginRegisterForm.test.jsx\u001b[39m\u001b[0m\u001b[2m:2:1)\u001b[22m\u001b[2m\u001b[22m\n\u001b[2m      \u001b[2mat Generator._invoke [as next] (\u001b[22m\u001b[2m\u001b[0m\u001b[36msrc/pages/__tests__/LoginRegisterForm.test.jsx\u001b[39m\u001b[0m\u001b[2m:2:1)\u001b[22m\u001b[2m\u001b[22m\n\u001b[2m      \u001b[2mat asyncGeneratorStep (\u001b[22m\u001b[2m\u001b[0m\u001b[36msrc/pages/__tests__/LoginRegisterForm.test.jsx\u001b[39m\u001b[0m\u001b[2m:2:1)\u001b[22m\u001b[2m\u001b[22m\n\u001b[2m      \u001b[2mat asyncGeneratorStep (\u001b[22m\u001b[2m\u001b[0m\u001b[36msrc/pages/__tests__/LoginRegisterForm.test.jsx\u001b[39m\u001b[0m\u001b[2m:2:1)\u001b[22m\u001b[2m\u001b[22m\n\u001b[2m      \u001b[2mat _next (\u001b[22m\u001b[2m\u001b[0m\u001b[36msrc/pages/__tests__/LoginRegisterForm.test.jsx\u001b[39m\u001b[0m\u001b[2m:2:1)\u001b[22m\u001b[2m\u001b[22m\n\u001b[2m      \u001b[2mat \u001b[22m\u001b[2m\u001b[0m\u001b[36msrc/pages/__tests__/LoginRegisterForm.test.jsx\u001b[39m\u001b[0m\u001b[2m:2:1\u001b[22m\u001b[2m\u001b[22m\n\u001b[2m      \u001b[2mat \u001b[22m\u001b[2mnode_modules/@testing-library/react/dist/act-compat.js\u001b[2m:48:24\u001b[22m\u001b[2m\u001b[22m\n\u001b[2m      \u001b[2mat act (\u001b[22m\u001b[2mnode_modules/react/cjs/react.development.js\u001b[2m:2512:16)\u001b[22m\u001b[2m\u001b[22m\n\u001b[2m      \u001b[2mat \u001b[22m\u001b[2mnode_modules/@testing-library/react/dist/act-compat.js\u001b[2m:47:25\u001b[22m\u001b[2m\u001b[22m\n\u001b[2m      \u001b[2mat \u001b[22m\u001b[2m\u001b[0m\u001b[36msrc/pages/__tests__/LoginRegisterForm.test.jsx\u001b[39m\u001b[0m\u001b[2m:171:14\u001b[22m\u001b[2m\u001b[22m\n\u001b[2m      \u001b[2mat Generator.call (\u001b[22m\u001b[2m\u001b[0m\u001b[36msrc/pages/__tests__/LoginRegisterForm.test.jsx\u001b[39m\u001b[0m\u001b[2m:2:1)\u001b[22m\u001b[2m\u001b[22m\n\u001b[2m      \u001b[2mat Generator._invoke [as next] (\u001b[22m\u001b[2m\u001b[0m\u001b[36msrc/pages/__tests__/LoginRegisterForm.test.jsx\u001b[39m\u001b[0m\u001b[2m:2:1)\u001b[22m\u001b[2m\u001b[22m\n\u001b[2m      \u001b[2mat asyncGeneratorStep (\u001b[22m\u001b[2m\u001b[0m\u001b[36msrc/pages/__tests__/LoginRegisterForm.test.jsx\u001b[39m\u001b[0m\u001b[2m:2:1)\u001b[22m\u001b[2m\u001b[22m\n\u001b[2m      \u001b[2mat asyncGeneratorStep (\u001b[22m\u001b[2m\u001b[0m\u001b[36msrc/pages/__tests__/LoginRegisterForm.test.jsx\u001b[39m\u001b[0m\u001b[2m:2:1)\u001b[22m\u001b[2m\u001b[22m\n\u001b[2m      \u001b[2mat _next (\u001b[22m\u001b[2m\u001b[0m\u001b[36msrc/pages/__tests__/LoginRegisterForm.test.jsx\u001b[39m\u001b[0m\u001b[2m:2:1)\u001b[22m\u001b[2m\u001b[22m\n\u001b[2m      \u001b[2mat Object.<anonymous> (\u001b[22m\u001b[2m\u001b[0m\u001b[36msrc/pages/__tests__/LoginRegisterForm.test.jsx\u001b[39m\u001b[0m\u001b[2m:2:1)\u001b[22m\u001b[2m\u001b[22m\n","name":"C:\\Users\\lenovo\\Desktop\\futpro2.0\\src\\pages\\__tests__\\LoginRegisterForm.test.jsx","startTime":1759720092590,"status":"failed","summary":""},{"assertionResults":[{"ancestorTitles":["API Health Check Tests","GET /api/ping"],"duration":802,"failing":false,"failureDetails":[],"failureMessages":[],"fullName":"API Health Check Tests GET /api/ping debería responder con status 200 y datos correctos","invocations":1,"location":null,"numPassingAsserts":6,"retryReasons":[],"startAt":1759720103231,"status":"passed","title":"debería responder con status 200 y datos correctos"},{"ancestorTitles":["API Health Check Tests","GET /api/ping"],"duration":25,"failing":false,"failureDetails":[],"failureMessages":[],"fullName":"API Health Check Tests GET /api/ping debería responder en menos de 100ms","invocations":1,"location":null,"numPassingAsserts":1,"retryReasons":[],"startAt":1759720104510,"status":"passed","title":"debería responder en menos de 100ms"},{"ancestorTitles":["API Health Check Tests","GET /api/ranking/jugadores"],"duration":32,"failing":false,"failureDetails":[],"failureMessages":[],"fullName":"API Health Check Tests GET /api/ranking/jugadores debería devolver lista de jugadores sin filtros","invocations":1,"location":null,"numPassingAsserts":13,"retryReasons":[],"startAt":1759720104558,"status":"passed","title":"debería devolver lista de jugadores sin filtros"},{"ancestorTitles":["API Health Check Tests","GET /api/ranking/jugadores"],"duration":482,"failing":false,"failureDetails":[],"failureMessages":[],"fullName":"API Health Check Tests GET /api/ranking/jugadores debería filtrar por edad mínima","invocations":1,"location":null,"numPassingAsserts":4,"retryReasons":[],"startAt":1759720104593,"status":"passed","title":"debería filtrar por edad mínima"},{"ancestorTitles":["API Health Check Tests","GET /api/ranking/jugadores"],"duration":21,"failing":false,"failureDetails":[],"failureMessages":[],"fullName":"API Health Check Tests GET /api/ranking/jugadores debería filtrar por edad máxima","invocations":1,"location":null,"numPassingAsserts":4,"retryReasons":[],"startAt":1759720105077,"status":"passed","title":"debería filtrar por edad máxima"},{"ancestorTitles":["API Health Check Tests","GET /api/ranking/jugadores"],"duration":20,"failing":false,"failureDetails":[],"failureMessages":[],"fullName":"API Health Check Tests GET /api/ranking/jugadores debería filtrar por rango de edad","invocations":1,"location":null,"numPassingAsserts":7,"retryReasons":[],"startAt":1759720105107,"status":"passed","title":"debería filtrar por rango de edad"},{"ancestorTitles":["API Health Check Tests","GET /api/ranking/jugadores"],"duration":18,"failing":false,"failureDetails":[],"failureMessages":[],"fullName":"API Health Check Tests GET /api/ranking/jugadores debería limitar resultados","invocations":1,"location":null,"numPassingAsserts":2,"retryReasons":[],"startAt":1759720105132,"status":"passed","title":"debería limitar resultados"},{"ancestorTitles":["API Health Check Tests","GET /api/ranking/jugadores"],"duration":22,"failing":false,"failureDetails":[],"failureMessages":[],"fullName":"API Health Check Tests GET /api/ranking/jugadores debería filtrar por equipoId","invocations":1,"location":null,"numPassingAsserts":2,"retryReasons":[],"startAt":1759720105152,"status":"passed","title":"debería filtrar por equipoId"},{"ancestorTitles":["API Health Check Tests","GET /api/ranking/campeonatos"],"duration":34,"failing":false,"failureDetails":[],"failureMessages":[],"fullName":"API Health Check Tests GET /api/ranking/campeonatos debería devolver lista de campeonatos sin filtros","invocations":1,"location":null,"numPassingAsserts":14,"retryReasons":[],"startAt":1759720105176,"status":"passed","title":"debería devolver lista de campeonatos sin filtros"},{"ancestorTitles":["API Health Check Tests","GET /api/ranking/campeonatos"],"duration":24,"failing":false,"failureDetails":[],"failureMessages":[],"fullName":"API Health Check Tests GET /api/ranking/campeonatos debería filtrar por estado","invocations":1,"location":null,"numPassingAsserts":2,"retryReasons":[],"startAt":1759720105225,"status":"passed","title":"debería filtrar por estado"},{"ancestorTitles":["API Health Check Tests","GET /api/ranking/campeonatos"],"duration":17,"failing":false,"failureDetails":[],"failureMessages":[],"fullName":"API Health Check Tests GET /api/ranking/campeonatos debería filtrar por categoría","invocations":1,"location":null,"numPassingAsserts":2,"retryReasons":[],"startAt":1759720105251,"status":"passed","title":"debería filtrar por categoría"},{"ancestorTitles":["API Health Check Tests","GET /api/ranking/campeonatos"],"duration":17,"failing":false,"failureDetails":[],"failureMessages":[],"fullName":"API Health Check Tests GET /api/ranking/campeonatos debería filtrar por fecha inicio desde","invocations":1,"location":null,"numPassingAsserts":5,"retryReasons":[],"startAt":1759720105269,"status":"passed","title":"debería filtrar por fecha inicio desde"},{"ancestorTitles":["API Health Check Tests","GET /api/ranking/campeonatos"],"duration":30,"failing":false,"failureDetails":[],"failureMessages":[],"fullName":"API Health Check Tests GET /api/ranking/campeonatos debería filtrar por fecha inicio hasta","invocations":1,"location":null,"numPassingAsserts":3,"retryReasons":[],"startAt":1759720105287,"status":"passed","title":"debería filtrar por fecha inicio hasta"},{"ancestorTitles":["API Health Check Tests","GET /api/ranking/campeonatos"],"duration":15,"failing":false,"failureDetails":[],"failureMessages":[],"fullName":"API Health Check Tests GET /api/ranking/campeonatos debería limitar resultados","invocations":1,"location":null,"numPassingAsserts":2,"retryReasons":[],"startAt":1759720105319,"status":"passed","title":"debería limitar resultados"},{"ancestorTitles":["API Health Check Tests","Error Handling"],"duration":14,"failing":false,"failureDetails":[],"failureMessages":[],"fullName":"API Health Check Tests Error Handling debería devolver 404 para rutas no existentes","invocations":1,"location":null,"numPassingAsserts":2,"retryReasons":[],"startAt":1759720105336,"status":"passed","title":"debería devolver 404 para rutas no existentes"},{"ancestorTitles":["API Health Check Tests","Error Handling"],"duration":8,"failing":false,"failureDetails":[],"failureMessages":[],"fullName":"API Health Check Tests Error Handling debería manejar parámetros inválidos graciosamente","invocations":1,"location":null,"numPassingAsserts":2,"retryReasons":[],"startAt":1759720105351,"status":"passed","title":"debería manejar parámetros inválidos graciosamente"},{"ancestorTitles":["API Health Check Tests"],"duration":16,"failing":false,"failureDetails":[],"failureMessages":[],"fullName":"API Health Check Tests debe mostrar el ranking por género","invocations":1,"location":null,"numPassingAsserts":2,"retryReasons":[],"startAt":1759720105360,"status":"passed","title":"debe mostrar el ranking por género"},{"ancestorTitles":["API Health Check Tests"],"duration":12,"failing":false,"failureDetails":[],"failureMessages":[],"fullName":"API Health Check Tests debe mostrar el ranking por edades","invocations":1,"location":null,"numPassingAsserts":2,"retryReasons":[],"startAt":1759720105377,"status":"passed","title":"debe mostrar el ranking por edades"}],"endTime":1759720105392,"message":"","name":"C:\\Users\\lenovo\\Desktop\\futpro2.0\\testing\\ranking.test.js","startTime":1759720101470,"status":"passed","summary":""},{"assertionResults":[{"ancestorTitles":[],"duration":2,"failing":false,"failureDetails":[],"failureMessages":[],"fullName":"dummy test","invocations":1,"location":null,"numPassingAsserts":1,"retryReasons":[],"startAt":1759720106256,"status":"passed","title":"dummy test"},{"ancestorTitles":[],"duration":1,"failing":false,"failureDetails":[],"failureMessages":[],"fullName":"dummy test","invocations":1,"location":null,"numPassingAsserts":1,"retryReasons":[],"startAt":1759720106259,"status":"passed","title":"dummy test"},{"ancestorTitles":["dummy test"],"duration":1,"failing":false,"failureDetails":[],"failureMessages":[],"fullName":"dummy test debería pasar siempre","invocations":1,"location":null,"numPassingAsserts":1,"retryReasons":[],"startAt":1759720106264,"status":"passed","title":"debería pasar siempre"},{"ancestorTitles":[],"duration":0,"failing":false,"failureDetails":[],"failureMessages":[],"fullName":"dummy test","invocations":1,"location":null,"numPassingAsserts":1,"retryReasons":[],"startAt":1759720106266,"status":"passed","title":"dummy test"},{"ancestorTitles":["LoginRegisterForm"],"duration":138,"failing":false,"failureDetails":[{}],"failureMessages":["TypeError: Cannot read properties of undefined (reading 'loginWithGoogle')\n    at loginWithGoogle (C:\\Users\\lenovo\\Desktop\\futpro2.0\\src\\pages\\LoginRegisterForm.jsx:18:11)\n    at renderWithHooks (C:\\Users\\lenovo\\Desktop\\futpro2.0\\node_modules\\react-dom\\cjs\\react-dom.development.js:15486:18)\n    at mountIndeterminateComponent (C:\\Users\\lenovo\\Desktop\\futpro2.0\\node_modules\\react-dom\\cjs\\react-dom.development.js:20103:13)\n    at beginWork (C:\\Users\\lenovo\\Desktop\\futpro2.0\\node_modules\\react-dom\\cjs\\react-dom.development.js:21626:16)\n    at beginWork$1 (C:\\Users\\lenovo\\Desktop\\futpro2.0\\node_modules\\react-dom\\cjs\\react-dom.development.js:27465:14)\n    at performUnitOfWork (C:\\Users\\lenovo\\Desktop\\futpro2.0\\node_modules\\react-dom\\cjs\\react-dom.development.js:26599:12)\n    at workLoopSync (C:\\Users\\lenovo\\Desktop\\futpro2.0\\node_modules\\react-dom\\cjs\\react-dom.development.js:26505:5)\n    at renderRootSync (C:\\Users\\lenovo\\Desktop\\futpro2.0\\node_modules\\react-dom\\cjs\\react-dom.development.js:26473:7)\n    at recoverFromConcurrentError (C:\\Users\\lenovo\\Desktop\\futpro2.0\\node_modules\\react-dom\\cjs\\react-dom.development.js:25889:20)\n    at performConcurrentWorkOnRoot (C:\\Users\\lenovo\\Desktop\\futpro2.0\\node_modules\\react-dom\\cjs\\react-dom.development.js:25789:22)\n    at flushActQueue (C:\\Users\\lenovo\\Desktop\\futpro2.0\\node_modules\\react\\cjs\\react.development.js:2667:24)\n    at act (C:\\Users\\lenovo\\Desktop\\futpro2.0\\node_modules\\react\\cjs\\react.development.js:2582:11)\n    at C:\\Users\\lenovo\\Desktop\\futpro2.0\\node_modules\\@testing-library\\react\\dist\\act-compat.js:47:25\n    at renderRoot (C:\\Users\\lenovo\\Desktop\\futpro2.0\\node_modules\\@testing-library\\react\\dist\\pure.js:180:26)\n    at render (C:\\Users\\lenovo\\Desktop\\futpro2.0\\node_modules\\@testing-library\\react\\dist\\pure.js:271:10)\n    at C:\\Users\\lenovo\\Desktop\\futpro2.0\\src\\pages\\LoginRegisterForm.test.jsx:44:11\n    at Generator.call (C:\\Users\\lenovo\\Desktop\\futpro2.0\\src\\pages\\LoginRegisterForm.test.jsx:2:1)\n    at Generator._invoke [as next] (C:\\Users\\lenovo\\Desktop\\futpro2.0\\src\\pages\\LoginRegisterForm.test.jsx:2:1)\n    at asyncGeneratorStep (C:\\Users\\lenovo\\Desktop\\futpro2.0\\src\\pages\\LoginRegisterForm.test.jsx:2:1)\n    at asyncGeneratorStep (C:\\Users\\lenovo\\Desktop\\futpro2.0\\src\\pages\\LoginRegisterForm.test.jsx:2:1)\n    at _next (C:\\Users\\lenovo\\Desktop\\futpro2.0\\src\\pages\\LoginRegisterForm.test.jsx:2:1)\n    at new Promise (<anonymous>)\n    at Object.<anonymous> (C:\\Users\\lenovo\\Desktop\\futpro2.0\\src\\pages\\LoginRegisterForm.test.jsx:2:1)\n    at Promise.finally.completed (C:\\Users\\lenovo\\Desktop\\futpro2.0\\node_modules\\jest-circus\\build\\jestAdapterInit.js:1557:28)\n    at new Promise (<anonymous>)\n    at callAsyncCircusFn (C:\\Users\\lenovo\\Desktop\\futpro2.0\\node_modules\\jest-circus\\build\\jestAdapterInit.js:1497:10)\n    at _callCircusTest (C:\\Users\\lenovo\\Desktop\\futpro2.0\\node_modules\\jest-circus\\build\\jestAdapterInit.js:1007:40)\n    at _runTest (C:\\Users\\lenovo\\Desktop\\futpro2.0\\node_modules\\jest-circus\\build\\jestAdapterInit.js:947:3)\n    at C:\\Users\\lenovo\\Desktop\\futpro2.0\\node_modules\\jest-circus\\build\\jestAdapterInit.js:849:7\n    at _runTestsForDescribeBlock (C:\\Users\\lenovo\\Desktop\\futpro2.0\\node_modules\\jest-circus\\build\\jestAdapterInit.js:862:11)\n    at _runTestsForDescribeBlock (C:\\Users\\lenovo\\Desktop\\futpro2.0\\node_modules\\jest-circus\\build\\jestAdapterInit.js:857:11)\n    at run (C:\\Users\\lenovo\\Desktop\\futpro2.0\\node_modules\\jest-circus\\build\\jestAdapterInit.js:761:3)\n    at runAndTransformResultsToJestFormat (C:\\Users\\lenovo\\Desktop\\futpro2.0\\node_modules\\jest-circus\\build\\jestAdapterInit.js:1918:21)\n    at jestAdapter (C:\\Users\\lenovo\\Desktop\\futpro2.0\\node_modules\\jest-circus\\build\\runner.js:101:19)\n    at runTestInternal (C:\\Users\\lenovo\\Desktop\\futpro2.0\\node_modules\\jest-runner\\build\\index.js:275:16)\n    at runTest (C:\\Users\\lenovo\\Desktop\\futpro2.0\\node_modules\\jest-runner\\build\\index.js:343:7)"],"fullName":"LoginRegisterForm renderiza el formulario de acceso","invocations":1,"location":null,"numPassingAsserts":0,"retryReasons":[],"startAt":1759720106267,"status":"failed","title":"renderiza el formulario de acceso"},{"ancestorTitles":["LoginRegisterForm"],"duration":15,"failing":false,"failureDetails":[{}],"failureMessages":["TypeError: Cannot read properties of undefined (reading 'loginWithGoogle')\n    at loginWithGoogle (C:\\Users\\lenovo\\Desktop\\futpro2.0\\src\\pages\\LoginRegisterForm.jsx:18:11)\n    at renderWithHooks (C:\\Users\\lenovo\\Desktop\\futpro2.0\\node_modules\\react-dom\\cjs\\react-dom.development.js:15486:18)\n    at mountIndeterminateComponent (C:\\Users\\lenovo\\Desktop\\futpro2.0\\node_modules\\react-dom\\cjs\\react-dom.development.js:20103:13)\n    at beginWork (C:\\Users\\lenovo\\Desktop\\futpro2.0\\node_modules\\react-dom\\cjs\\react-dom.development.js:21626:16)\n    at beginWork$1 (C:\\Users\\lenovo\\Desktop\\futpro2.0\\node_modules\\react-dom\\cjs\\react-dom.development.js:27465:14)\n    at performUnitOfWork (C:\\Users\\lenovo\\Desktop\\futpro2.0\\node_modules\\react-dom\\cjs\\react-dom.development.js:26599:12)\n    at workLoopSync (C:\\Users\\lenovo\\Desktop\\futpro2.0\\node_modules\\react-dom\\cjs\\react-dom.development.js:26505:5)\n    at renderRootSync (C:\\Users\\lenovo\\Desktop\\futpro2.0\\node_modules\\react-dom\\cjs\\react-dom.development.js:26473:7)\n    at recoverFromConcurrentError (C:\\Users\\lenovo\\Desktop\\futpro2.0\\node_modules\\react-dom\\cjs\\react-dom.development.js:25889:20)\n    at performConcurrentWorkOnRoot (C:\\Users\\lenovo\\Desktop\\futpro2.0\\node_modules\\react-dom\\cjs\\react-dom.development.js:25789:22)\n    at flushActQueue (C:\\Users\\lenovo\\Desktop\\futpro2.0\\node_modules\\react\\cjs\\react.development.js:2667:24)\n    at act (C:\\Users\\lenovo\\Desktop\\futpro2.0\\node_modules\\react\\cjs\\react.development.js:2582:11)\n    at C:\\Users\\lenovo\\Desktop\\futpro2.0\\node_modules\\@testing-library\\react\\dist\\act-compat.js:47:25\n    at renderRoot (C:\\Users\\lenovo\\Desktop\\futpro2.0\\node_modules\\@testing-library\\react\\dist\\pure.js:180:26)\n    at render (C:\\Users\\lenovo\\Desktop\\futpro2.0\\node_modules\\@testing-library\\react\\dist\\pure.js:271:10)\n    at Object.<anonymous> (C:\\Users\\lenovo\\Desktop\\futpro2.0\\src\\pages\\LoginRegisterForm.test.jsx:49:11)\n    at Promise.finally.completed (C:\\Users\\lenovo\\Desktop\\futpro2.0\\node_modules\\jest-circus\\build\\jestAdapterInit.js:1557:28)\n    at new Promise (<anonymous>)\n    at callAsyncCircusFn (C:\\Users\\lenovo\\Desktop\\futpro2.0\\node_modules\\jest-circus\\build\\jestAdapterInit.js:1497:10)\n    at _callCircusTest (C:\\Users\\lenovo\\Desktop\\futpro2.0\\node_modules\\jest-circus\\build\\jestAdapterInit.js:1007:40)\n    at _runTest (C:\\Users\\lenovo\\Desktop\\futpro2.0\\node_modules\\jest-circus\\build\\jestAdapterInit.js:947:3)\n    at C:\\Users\\lenovo\\Desktop\\futpro2.0\\node_modules\\jest-circus\\build\\jestAdapterInit.js:849:7\n    at _runTestsForDescribeBlock (C:\\Users\\lenovo\\Desktop\\futpro2.0\\node_modules\\jest-circus\\build\\jestAdapterInit.js:862:11)\n    at _runTestsForDescribeBlock (C:\\Users\\lenovo\\Desktop\\futpro2.0\\node_modules\\jest-circus\\build\\jestAdapterInit.js:857:11)\n    at run (C:\\Users\\lenovo\\Desktop\\futpro2.0\\node_modules\\jest-circus\\build\\jestAdapterInit.js:761:3)\n    at runAndTransformResultsToJestFormat (C:\\Users\\lenovo\\Desktop\\futpro2.0\\node_modules\\jest-circus\\build\\jestAdapterInit.js:1918:21)\n    at jestAdapter (C:\\Users\\lenovo\\Desktop\\futpro2.0\\node_modules\\jest-circus\\build\\runner.js:101:19)\n    at runTestInternal (C:\\Users\\lenovo\\Desktop\\futpro2.0\\node_modules\\jest-runner\\build\\index.js:275:16)\n    at runTest (C:\\Users\\lenovo\\Desktop\\futpro2.0\\node_modules\\jest-runner\\build\\index.js:343:7)"],"fullName":"LoginRegisterForm botón Ingresar con Email funciona","invocations":1,"location":null,"numPassingAsserts":0,"retryReasons":[],"startAt":1759720106407,"status":"failed","title":"botón Ingresar con Email funciona"},{"ancestorTitles":["LoginRegisterForm"],"duration":15,"failing":false,"failureDetails":[{}],"failureMessages":["TypeError: Cannot read properties of undefined (reading 'loginWithGoogle')\n    at loginWithGoogle (C:\\Users\\lenovo\\Desktop\\futpro2.0\\src\\pages\\LoginRegisterForm.jsx:18:11)\n    at renderWithHooks (C:\\Users\\lenovo\\Desktop\\futpro2.0\\node_modules\\react-dom\\cjs\\react-dom.development.js:15486:18)\n    at mountIndeterminateComponent (C:\\Users\\lenovo\\Desktop\\futpro2.0\\node_modules\\react-dom\\cjs\\react-dom.development.js:20103:13)\n    at beginWork (C:\\Users\\lenovo\\Desktop\\futpro2.0\\node_modules\\react-dom\\cjs\\react-dom.development.js:21626:16)\n    at beginWork$1 (C:\\Users\\lenovo\\Desktop\\futpro2.0\\node_modules\\react-dom\\cjs\\react-dom.development.js:27465:14)\n    at performUnitOfWork (C:\\Users\\lenovo\\Desktop\\futpro2.0\\node_modules\\react-dom\\cjs\\react-dom.development.js:26599:12)\n    at workLoopSync (C:\\Users\\lenovo\\Desktop\\futpro2.0\\node_modules\\react-dom\\cjs\\react-dom.development.js:26505:5)\n    at renderRootSync (C:\\Users\\lenovo\\Desktop\\futpro2.0\\node_modules\\react-dom\\cjs\\react-dom.development.js:26473:7)\n    at recoverFromConcurrentError (C:\\Users\\lenovo\\Desktop\\futpro2.0\\node_modules\\react-dom\\cjs\\react-dom.development.js:25889:20)\n    at performConcurrentWorkOnRoot (C:\\Users\\lenovo\\Desktop\\futpro2.0\\node_modules\\react-dom\\cjs\\react-dom.development.js:25789:22)\n    at flushActQueue (C:\\Users\\lenovo\\Desktop\\futpro2.0\\node_modules\\react\\cjs\\react.development.js:2667:24)\n    at act (C:\\Users\\lenovo\\Desktop\\futpro2.0\\node_modules\\react\\cjs\\react.development.js:2582:11)\n    at C:\\Users\\lenovo\\Desktop\\futpro2.0\\node_modules\\@testing-library\\react\\dist\\act-compat.js:47:25\n    at renderRoot (C:\\Users\\lenovo\\Desktop\\futpro2.0\\node_modules\\@testing-library\\react\\dist\\pure.js:180:26)\n    at render (C:\\Users\\lenovo\\Desktop\\futpro2.0\\node_modules\\@testing-library\\react\\dist\\pure.js:271:10)\n    at Object.<anonymous> (C:\\Users\\lenovo\\Desktop\\futpro2.0\\src\\pages\\LoginRegisterForm.test.jsx:55:11)\n    at Promise.finally.completed (C:\\Users\\lenovo\\Desktop\\futpro2.0\\node_modules\\jest-circus\\build\\jestAdapterInit.js:1557:28)\n    at new Promise (<anonymous>)\n    at callAsyncCircusFn (C:\\Users\\lenovo\\Desktop\\futpro2.0\\node_modules\\jest-circus\\build\\jestAdapterInit.js:1497:10)\n    at _callCircusTest (C:\\Users\\lenovo\\Desktop\\futpro2.0\\node_modules\\jest-circus\\build\\jestAdapterInit.js:1007:40)\n    at _runTest (C:\\Users\\lenovo\\Desktop\\futpro2.0\\node_modules\\jest-circus\\build\\jestAdapterInit.js:947:3)\n    at C:\\Users\\lenovo\\Desktop\\futpro2.0\\node_modules\\jest-circus\\build\\jestAdapterInit.js:849:7\n    at _runTestsForDescribeBlock (C:\\Users\\lenovo\\Desktop\\futpro2.0\\node_modules\\jest-circus\\build\\jestAdapterInit.js:862:11)\n    at _runTestsForDescribeBlock (C:\\Users\\lenovo\\Desktop\\futpro2.0\\node_modules\\jest-circus\\build\\jestAdapterInit.js:857:11)\n    at run (C:\\Users\\lenovo\\Desktop\\futpro2.0\\node_modules\\jest-circus\\build\\jestAdapterInit.js:761:3)\n    at runAndTransformResultsToJestFormat (C:\\Users\\lenovo\\Desktop\\futpro2.0\\node_modules\\jest-circus\\build\\jestAdapterInit.js:1918:21)\n    at jestAdapter (C:\\Users\\lenovo\\Desktop\\futpro2.0\\node_modules\\jest-circus\\build\\runner.js:101:19)\n    at runTestInternal (C:\\Users\\lenovo\\Desktop\\futpro2.0\\node_modules\\jest-runner\\build\\index.js:275:16)\n    at runTest (C:\\Users\\lenovo\\Desktop\\futpro2.0\\node_modules\\jest-runner\\build\\index.js:343:7)"],"fullName":"LoginRegisterForm botón Ingresar con Google funciona","invocations":1,"location":null,"numPassingAsserts":0,"retryReasons":[],"startAt":1759720106424,"status":"failed","title":"botón Ingresar con Google funciona"},{"ancestorTitles":["LoginRegisterForm"],"duration":17,"failing":false,"failureDetails":[{}],"failureMessages":["TypeError: Cannot read properties of undefined (reading 'loginWithGoogle')\n    at loginWithGoogle (C:\\Users\\lenovo\\Desktop\\futpro2.0\\src\\pages\\LoginRegisterForm.jsx:18:11)\n    at renderWithHooks (C:\\Users\\lenovo\\Desktop\\futpro2.0\\node_modules\\react-dom\\cjs\\react-dom.development.js:15486:18)\n    at mountIndeterminateComponent (C:\\Users\\lenovo\\Desktop\\futpro2.0\\node_modules\\react-dom\\cjs\\react-dom.development.js:20103:13)\n    at beginWork (C:\\Users\\lenovo\\Desktop\\futpro2.0\\node_modules\\react-dom\\cjs\\react-dom.development.js:21626:16)\n    at beginWork$1 (C:\\Users\\lenovo\\Desktop\\futpro2.0\\node_modules\\react-dom\\cjs\\react-dom.development.js:27465:14)\n    at performUnitOfWork (C:\\Users\\lenovo\\Desktop\\futpro2.0\\node_modules\\react-dom\\cjs\\react-dom.development.js:26599:12)\n    at workLoopSync (C:\\Users\\lenovo\\Desktop\\futpro2.0\\node_modules\\react-dom\\cjs\\react-dom.development.js:26505:5)\n    at renderRootSync (C:\\Users\\lenovo\\Desktop\\futpro2.0\\node_modules\\react-dom\\cjs\\react-dom.development.js:26473:7)\n    at recoverFromConcurrentError (C:\\Users\\lenovo\\Desktop\\futpro2.0\\node_modules\\react-dom\\cjs\\react-dom.development.js:25889:20)\n    at performConcurrentWorkOnRoot (C:\\Users\\lenovo\\Desktop\\futpro2.0\\node_modules\\react-dom\\cjs\\react-dom.development.js:25789:22)\n    at flushActQueue (C:\\Users\\lenovo\\Desktop\\futpro2.0\\node_modules\\react\\cjs\\react.development.js:2667:24)\n    at act (C:\\Users\\lenovo\\Desktop\\futpro2.0\\node_modules\\react\\cjs\\react.development.js:2582:11)\n    at C:\\Users\\lenovo\\Desktop\\futpro2.0\\node_modules\\@testing-library\\react\\dist\\act-compat.js:47:25\n    at renderRoot (C:\\Users\\lenovo\\Desktop\\futpro2.0\\node_modules\\@testing-library\\react\\dist\\pure.js:180:26)\n    at render (C:\\Users\\lenovo\\Desktop\\futpro2.0\\node_modules\\@testing-library\\react\\dist\\pure.js:271:10)\n    at Object.<anonymous> (C:\\Users\\lenovo\\Desktop\\futpro2.0\\src\\pages\\LoginRegisterForm.test.jsx:61:11)\n    at Promise.finally.completed (C:\\Users\\lenovo\\Desktop\\futpro2.0\\node_modules\\jest-circus\\build\\jestAdapterInit.js:1557:28)\n    at new Promise (<anonymous>)\n    at callAsyncCircusFn (C:\\Users\\lenovo\\Desktop\\futpro2.0\\node_modules\\jest-circus\\build\\jestAdapterInit.js:1497:10)\n    at _callCircusTest (C:\\Users\\lenovo\\Desktop\\futpro2.0\\node_modules\\jest-circus\\build\\jestAdapterInit.js:1007:40)\n    at _runTest (C:\\Users\\lenovo\\Desktop\\futpro2.0\\node_modules\\jest-circus\\build\\jestAdapterInit.js:947:3)\n    at C:\\Users\\lenovo\\Desktop\\futpro2.0\\node_modules\\jest-circus\\build\\jestAdapterInit.js:849:7\n    at _runTestsForDescribeBlock (C:\\Users\\lenovo\\Desktop\\futpro2.0\\node_modules\\jest-circus\\build\\jestAdapterInit.js:862:11)\n    at _runTestsForDescribeBlock (C:\\Users\\lenovo\\Desktop\\futpro2.0\\node_modules\\jest-circus\\build\\jestAdapterInit.js:857:11)\n    at run (C:\\Users\\lenovo\\Desktop\\futpro2.0\\node_modules\\jest-circus\\build\\jestAdapterInit.js:761:3)\n    at runAndTransformResultsToJestFormat (C:\\Users\\lenovo\\Desktop\\futpro2.0\\node_modules\\jest-circus\\build\\jestAdapterInit.js:1918:21)\n    at jestAdapter (C:\\Users\\lenovo\\Desktop\\futpro2.0\\node_modules\\jest-circus\\build\\runner.js:101:19)\n    at runTestInternal (C:\\Users\\lenovo\\Desktop\\futpro2.0\\node_modules\\jest-runner\\build\\index.js:275:16)\n    at runTest (C:\\Users\\lenovo\\Desktop\\futpro2.0\\node_modules\\jest-runner\\build\\index.js:343:7)"],"fullName":"LoginRegisterForm botón Ingresar con Facebook funciona","invocations":1,"location":null,"numPassingAsserts":0,"retryReasons":[],"startAt":1759720106441,"status":"failed","title":"botón Ingresar con Facebook funciona"},{"ancestorTitles":["LoginRegisterForm"],"duration":1,"failing":false,"failureDetails":[],"failureMessages":[],"fullName":"LoginRegisterForm dummy test","invocations":1,"location":null,"numPassingAsserts":1,"retryReasons":[],"startAt":1759720106467,"status":"passed","title":"dummy test"}],"endTime":1759720106610,"message":"\u001b[1m\u001b[31m  \u001b[1m● \u001b[22m\u001b[1mLoginRegisterForm › renderiza el formulario de acceso\u001b[39m\u001b[22m\n\n    TypeError: Cannot read properties of undefined (reading 'loginWithGoogle')\n\u001b[2m\u001b[22m\n\u001b[2m    \u001b[0m \u001b[90m 16 |\u001b[39m   \u001b[36mconst\u001b[39m [password\u001b[33m,\u001b[39m setPassword] \u001b[33m=\u001b[39m useState(\u001b[32m''\u001b[39m)\u001b[33m;\u001b[39m\u001b[22m\n\u001b[2m     \u001b[90m 17 |\u001b[39m   \u001b[36mconst\u001b[39m navigate \u001b[33m=\u001b[39m useNavigate()\u001b[33m;\u001b[39m\u001b[22m\n\u001b[2m    \u001b[31m\u001b[1m>\u001b[22m\u001b[2m\u001b[39m\u001b[90m 18 |\u001b[39m   \u001b[36mconst\u001b[39m { loginWithGoogle\u001b[33m,\u001b[39m loginWithFacebook } \u001b[33m=\u001b[39m useContext(\u001b[33mAuthContext\u001b[39m)\u001b[33m;\u001b[39m\u001b[22m\n\u001b[2m     \u001b[90m    |\u001b[39m           \u001b[31m\u001b[1m^\u001b[22m\u001b[2m\u001b[39m\u001b[22m\n\u001b[2m     \u001b[90m 19 |\u001b[39m   \u001b[36mconst\u001b[39m config \u001b[33m=\u001b[39m getConfig()\u001b[33m;\u001b[39m\u001b[22m\n\u001b[2m     \u001b[90m 20 |\u001b[39m   useEffect(() \u001b[33m=>\u001b[39m {\u001b[22m\n\u001b[2m     \u001b[90m 21 |\u001b[39m     \u001b[36mconst\u001b[39m { data\u001b[33m:\u001b[39m { subscription } } \u001b[33m=\u001b[39m supabase\u001b[33m.\u001b[39mauth\u001b[33m.\u001b[39monAuthStateChange((event\u001b[33m,\u001b[39m session) \u001b[33m=>\u001b[39m {\u001b[0m\u001b[22m\n\u001b[2m\u001b[22m\n\u001b[2m      \u001b[2mat loginWithGoogle (\u001b[22m\u001b[2msrc/pages/LoginRegisterForm.jsx\u001b[2m:18:11)\u001b[22m\u001b[2m\u001b[22m\n\u001b[2m      \u001b[2mat renderWithHooks (\u001b[22m\u001b[2mnode_modules/react-dom/cjs/react-dom.development.js\u001b[2m:15486:18)\u001b[22m\u001b[2m\u001b[22m\n\u001b[2m      \u001b[2mat mountIndeterminateComponent (\u001b[22m\u001b[2mnode_modules/react-dom/cjs/react-dom.development.js\u001b[2m:20103:13)\u001b[22m\u001b[2m\u001b[22m\n\u001b[2m      \u001b[2mat beginWork (\u001b[22m\u001b[2mnode_modules/react-dom/cjs/react-dom.development.js\u001b[2m:21626:16)\u001b[22m\u001b[2m\u001b[22m\n\u001b[2m      \u001b[2mat beginWork$1 (\u001b[22m\u001b[2mnode_modules/react-dom/cjs/react-dom.development.js\u001b[2m:27465:14)\u001b[22m\u001b[2m\u001b[22m\n\u001b[2m      \u001b[2mat performUnitOfWork (\u001b[22m\u001b[2mnode_modules/react-dom/cjs/react-dom.development.js\u001b[2m:26599:12)\u001b[22m\u001b[2m\u001b[22m\n\u001b[2m      \u001b[2mat workLoopSync (\u001b[22m\u001b[2mnode_modules/react-dom/cjs/react-dom.development.js\u001b[2m:26505:5)\u001b[22m\u001b[2m\u001b[22m\n\u001b[2m      \u001b[2mat renderRootSync (\u001b[22m\u001b[2mnode_modules/react-dom/cjs/react-dom.development.js\u001b[2m:26473:7)\u001b[22m\u001b[2m\u001b[22m\n\u001b[2m      \u001b[2mat recoverFromConcurrentError (\u001b[22m\u001b[2mnode_modules/react-dom/cjs/react-dom.development.js\u001b[2m:25889:20)\u001b[22m\u001b[2m\u001b[22m\n\u001b[2m      \u001b[2mat performConcurrentWorkOnRoot (\u001b[22m\u001b[2mnode_modules/react-dom/cjs/react-dom.development.js\u001b[2m:25789:22)\u001b[22m\u001b[2m\u001b[22m\n\u001b[2m      \u001b[2mat flushActQueue (\u001b[22m\u001b[2mnode_modules/react/cjs/react.development.js\u001b[2m:2667:24)\u001b[22m\u001b[2m\u001b[22m\n\u001b[2m      \u001b[2mat act (\u001b[22m\u001b[2mnode_modules/react/cjs/react.development.js\u001b[2m:2582:11)\u001b[22m\u001b[2m\u001b[22m\n\u001b[2m      \u001b[2mat \u001b[22m\u001b[2mnode_modules/@testing-library/react/dist/act-compat.js\u001b[2m:47:25\u001b[22m\u001b[2m\u001b[22m\n\u001b[2m      \u001b[2mat renderRoot (\u001b[22m\u001b[2mnode_modules/@testing-library/react/dist/pure.js\u001b[2m:180:26)\u001b[22m\u001b[2m\u001b[22m\n\u001b[2m      \u001b[2mat render (\u001b[22m\u001b[2mnode_modules/@testing-library/react/dist/pure.js\u001b[2m:271:10)\u001b[22m\u001b[2m\u001b[22m\n\u001b[2m      \u001b[2mat \u001b[22m\u001b[2m\u001b[0m\u001b[36msrc/pages/LoginRegisterForm.test.jsx\u001b[39m\u001b[0m\u001b[2m:44:11\u001b[22m\u001b[2m\u001b[22m\n\u001b[2m      \u001b[2mat Generator.call (\u001b[22m\u001b[2m\u001b[0m\u001b[36msrc/pages/LoginRegisterForm.test.jsx\u001b[39m\u001b[0m\u001b[2m:2:1)\u001b[22m\u001b[2m\u001b[22m\n\u001b[2m      \u001b[2mat Generator._invoke [as next] (\u001b[22m\u001b[2m\u001b[0m\u001b[36msrc/pages/LoginRegisterForm.test.jsx\u001b[39m\u001b[0m\u001b[2m:2:1)\u001b[22m\u001b[2m\u001b[22m\n\u001b[2m      \u001b[2mat asyncGeneratorStep (\u001b[22m\u001b[2m\u001b[0m\u001b[36msrc/pages/LoginRegisterForm.test.jsx\u001b[39m\u001b[0m\u001b[2m:2:1)\u001b[22m\u001b[2m\u001b[22m\n\u001b[2m      \u001b[2mat asyncGeneratorStep (\u001b[22m\u001b[2m\u001b[0m\u001b[36msrc/pages/LoginRegisterForm.test.jsx\u001b[39m\u001b[0m\u001b[2m:2:1)\u001b[22m\u001b[2m\u001b[22m\n\u001b[2m      \u001b[2mat _next (\u001b[22m\u001b[2m\u001b[0m\u001b[36msrc/pages/LoginRegisterForm.test.jsx\u001b[39m\u001b[0m\u001b[2m:2:1)\u001b[22m\u001b[2m\u001b[22m\n\u001b[2m      \u001b[2mat Object.<anonymous> (\u001b[22m\u001b[2m\u001b[0m\u001b[36msrc/pages/LoginRegisterForm.test.jsx\u001b[39m\u001b[0m\u001b[2m:2:1)\u001b[22m\u001b[2m\u001b[22m\n\n\u001b[1m\u001b[31m  \u001b[1m● \u001b[22m\u001b[1mLoginRegisterForm › botón Ingresar con Email funciona\u001b[39m\u001b[22m\n\n    TypeError: Cannot read properties of undefined (reading 'loginWithGoogle')\n\u001b[2m\u001b[22m\n\u001b[2m    \u001b[0m \u001b[90m 16 |\u001b[39m   \u001b[36mconst\u001b[39m [password\u001b[33m,\u001b[39m setPassword] \u001b[33m=\u001b[39m useState(\u001b[32m''\u001b[39m)\u001b[33m;\u001b[39m\u001b[22m\n\u001b[2m     \u001b[90m 17 |\u001b[39m   \u001b[36mconst\u001b[39m navigate \u001b[33m=\u001b[39m useNavigate()\u001b[33m;\u001b[39m\u001b[22m\n\u001b[2m    \u001b[31m\u001b[1m>\u001b[22m\u001b[2m\u001b[39m\u001b[90m 18 |\u001b[39m   \u001b[36mconst\u001b[39m { loginWithGoogle\u001b[33m,\u001b[39m loginWithFacebook } \u001b[33m=\u001b[39m useContext(\u001b[33mAuthContext\u001b[39m)\u001b[33m;\u001b[39m\u001b[22m\n\u001b[2m     \u001b[90m    |\u001b[39m           \u001b[31m\u001b[1m^\u001b[22m\u001b[2m\u001b[39m\u001b[22m\n\u001b[2m     \u001b[90m 19 |\u001b[39m   \u001b[36mconst\u001b[39m config \u001b[33m=\u001b[39m getConfig()\u001b[33m;\u001b[39m\u001b[22m\n\u001b[2m     \u001b[90m 20 |\u001b[39m   useEffect(() \u001b[33m=>\u001b[39m {\u001b[22m\n\u001b[2m     \u001b[90m 21 |\u001b[39m     \u001b[36mconst\u001b[39m { data\u001b[33m:\u001b[39m { subscription } } \u001b[33m=\u001b[39m supabase\u001b[33m.\u001b[39mauth\u001b[33m.\u001b[39monAuthStateChange((event\u001b[33m,\u001b[39m session) \u001b[33m=>\u001b[39m {\u001b[0m\u001b[22m\n\u001b[2m\u001b[22m\n\u001b[2m      \u001b[2mat loginWithGoogle (\u001b[22m\u001b[2msrc/pages/LoginRegisterForm.jsx\u001b[2m:18:11)\u001b[22m\u001b[2m\u001b[22m\n\u001b[2m      \u001b[2mat renderWithHooks (\u001b[22m\u001b[2mnode_modules/react-dom/cjs/react-dom.development.js\u001b[2m:15486:18)\u001b[22m\u001b[2m\u001b[22m\n\u001b[2m      \u001b[2mat mountIndeterminateComponent (\u001b[22m\u001b[2mnode_modules/react-dom/cjs/react-dom.development.js\u001b[2m:20103:13)\u001b[22m\u001b[2m\u001b[22m\n\u001b[2m      \u001b[2mat beginWork (\u001b[22m\u001b[2mnode_modules/react-dom/cjs/react-dom.development.js\u001b[2m:21626:16)\u001b[22m\u001b[2m\u001b[22m\n\u001b[2m      \u001b[2mat beginWork$1 (\u001b[22m\u001b[2mnode_modules/react-dom/cjs/react-dom.development.js\u001b[2m:27465:14)\u001b[22m\u001b[2m\u001b[22m\n\u001b[2m      \u001b[2mat performUnitOfWork (\u001b[22m\u001b[2mnode_modules/react-dom/cjs/react-dom.development.js\u001b[2m:26599:12)\u001b[22m\u001b[2m\u001b[22m\n\u001b[2m      \u001b[2mat workLoopSync (\u001b[22m\u001b[2mnode_modules/react-dom/cjs/react-dom.development.js\u001b[2m:26505:5)\u001b[22m\u001b[2m\u001b[22m\n\u001b[2m      \u001b[2mat renderRootSync (\u001b[22m\u001b[2mnode_modules/react-dom/cjs/react-dom.development.js\u001b[2m:26473:7)\u001b[22m\u001b[2m\u001b[22m\n\u001b[2m      \u001b[2mat recoverFromConcurrentError (\u001b[22m\u001b[2mnode_modules/react-dom/cjs/react-dom.development.js\u001b[2m:25889:20)\u001b[22m\u001b[2m\u001b[22m\n\u001b[2m      \u001b[2mat performConcurrentWorkOnRoot (\u001b[22m\u001b[2mnode_modules/react-dom/cjs/react-dom.development.js\u001b[2m:25789:22)\u001b[22m\u001b[2m\u001b[22m\n\u001b[2m      \u001b[2mat flushActQueue (\u001b[22m\u001b[2mnode_modules/react/cjs/react.development.js\u001b[2m:2667:24)\u001b[22m\u001b[2m\u001b[22m\n\u001b[2m      \u001b[2mat act (\u001b[22m\u001b[2mnode_modules/react/cjs/react.development.js\u001b[2m:2582:11)\u001b[22m\u001b[2m\u001b[22m\n\u001b[2m      \u001b[2mat \u001b[22m\u001b[2mnode_modules/@testing-library/react/dist/act-compat.js\u001b[2m:47:25\u001b[22m\u001b[2m\u001b[22m\n\u001b[2m      \u001b[2mat renderRoot (\u001b[22m\u001b[2mnode_modules/@testing-library/react/dist/pure.js\u001b[2m:180:26)\u001b[22m\u001b[2m\u001b[22m\n\u001b[2m      \u001b[2mat render (\u001b[22m\u001b[2mnode_modules/@testing-library/react/dist/pure.js\u001b[2m:271:10)\u001b[22m\u001b[2m\u001b[22m\n\u001b[2m      \u001b[2mat Object.<anonymous> (\u001b[22m\u001b[2m\u001b[0m\u001b[36msrc/pages/LoginRegisterForm.test.jsx\u001b[39m\u001b[0m\u001b[2m:49:11)\u001b[22m\u001b[2m\u001b[22m\n\n\u001b[1m\u001b[31m  \u001b[1m● \u001b[22m\u001b[1mLoginRegisterForm › botón Ingresar con Google funciona\u001b[39m\u001b[22m\n\n    TypeError: Cannot read properties of undefined (reading 'loginWithGoogle')\n\u001b[2m\u001b[22m\n\u001b[2m    \u001b[0m \u001b[90m 16 |\u001b[39m   \u001b[36mconst\u001b[39m [password\u001b[33m,\u001b[39m setPassword] \u001b[33m=\u001b[39m useState(\u001b[32m''\u001b[39m)\u001b[33m;\u001b[39m\u001b[22m\n\u001b[2m     \u001b[90m 17 |\u001b[39m   \u001b[36mconst\u001b[39m navigate \u001b[33m=\u001b[39m useNavigate()\u001b[33m;\u001b[39m\u001b[22m\n\u001b[2m    \u001b[31m\u001b[1m>\u001b[22m\u001b[2m\u001b[39m\u001b[90m 18 |\u001b[39m   \u001b[36mconst\u001b[39m { loginWithGoogle\u001b[33m,\u001b[39m loginWithFacebook } \u001b[33m=\u001b[39m useContext(\u001b[33mAuthContext\u001b[39m)\u001b[33m;\u001b[39m\u001b[22m\n\u001b[2m     \u001b[90m    |\u001b[39m           \u001b[31m\u001b[1m^\u001b[22m\u001b[2m\u001b[39m\u001b[22m\n\u001b[2m     \u001b[90m 19 |\u001b[39m   \u001b[36mconst\u001b[39m config \u001b[33m=\u001b[39m getConfig()\u001b[33m;\u001b[39m\u001b[22m\n\u001b[2m     \u001b[90m 20 |\u001b[39m   useEffect(() \u001b[33m=>\u001b[39m {\u001b[22m\n\u001b[2m     \u001b[90m 21 |\u001b[39m     \u001b[36mconst\u001b[39m { data\u001b[33m:\u001b[39m { subscription } } \u001b[33m=\u001b[39m supabase\u001b[33m.\u001b[39mauth\u001b[33m.\u001b[39monAuthStateChange((event\u001b[33m,\u001b[39m session) \u001b[33m=>\u001b[39m {\u001b[0m\u001b[22m\n\u001b[2m\u001b[22m\n\u001b[2m      \u001b[2mat loginWithGoogle (\u001b[22m\u001b[2msrc/pages/LoginRegisterForm.jsx\u001b[2m:18:11)\u001b[22m\u001b[2m\u001b[22m\n\u001b[2m      \u001b[2mat renderWithHooks (\u001b[22m\u001b[2mnode_modules/react-dom/cjs/react-dom.development.js\u001b[2m:15486:18)\u001b[22m\u001b[2m\u001b[22m\n\u001b[2m      \u001b[2mat mountIndeterminateComponent (\u001b[22m\u001b[2mnode_modules/react-dom/cjs/react-dom.development.js\u001b[2m:20103:13)\u001b[22m\u001b[2m\u001b[22m\n\u001b[2m      \u001b[2mat beginWork (\u001b[22m\u001b[2mnode_modules/react-dom/cjs/react-dom.development.js\u001b[2m:21626:16)\u001b[22m\u001b[2m\u001b[22m\n\u001b[2m      \u001b[2mat beginWork$1 (\u001b[22m\u001b[2mnode_modules/react-dom/cjs/react-dom.development.js\u001b[2m:27465:14)\u001b[22m\u001b[2m\u001b[22m\n\u001b[2m      \u001b[2mat performUnitOfWork (\u001b[22m\u001b[2mnode_modules/react-dom/cjs/react-dom.development.js\u001b[2m:26599:12)\u001b[22m\u001b[2m\u001b[22m\n\u001b[2m      \u001b[2mat workLoopSync (\u001b[22m\u001b[2mnode_modules/react-dom/cjs/react-dom.development.js\u001b[2m:26505:5)\u001b[22m\u001b[2m\u001b[22m\n\u001b[2m      \u001b[2mat renderRootSync (\u001b[22m\u001b[2mnode_modules/react-dom/cjs/react-dom.development.js\u001b[2m:26473:7)\u001b[22m\u001b[2m\u001b[22m\n\u001b[2m      \u001b[2mat recoverFromConcurrentError (\u001b[22m\u001b[2mnode_modules/react-dom/cjs/react-dom.development.js\u001b[2m:25889:20)\u001b[22m\u001b[2m\u001b[22m\n\u001b[2m      \u001b[2mat performConcurrentWorkOnRoot (\u001b[22m\u001b[2mnode_modules/react-dom/cjs/react-dom.development.js\u001b[2m:25789:22)\u001b[22m\u001b[2m\u001b[22m\n\u001b[2m      \u001b[2mat flushActQueue (\u001b[22m\u001b[2mnode_modules/react/cjs/react.development.js\u001b[2m:2667:24)\u001b[22m\u001b[2m\u001b[22m\n\u001b[2m      \u001b[2mat act (\u001b[22m\u001b[2mnode_modules/react/cjs/react.development.js\u001b[2m:2582:11)\u001b[22m\u001b[2m\u001b[22m\n\u001b[2m      \u001b[2mat \u001b[22m\u001b[2mnode_modules/@testing-library/react/dist/act-compat.js\u001b[2m:47:25\u001b[22m\u001b[2m\u001b[22m\n\u001b[2m      \u001b[2mat renderRoot (\u001b[22m\u001b[2mnode_modules/@testing-library/react/dist/pure.js\u001b[2m:180:26)\u001b[22m\u001b[2m\u001b[22m\n\u001b[2m      \u001b[2mat render (\u001b[22m\u001b[2mnode_modules/@testing-library/react/dist/pure.js\u001b[2m:271:10)\u001b[22m\u001b[2m\u001b[22m\n\u001b[2m      \u001b[2mat Object.<anonymous> (\u001b[22m\u001b[2m\u001b[0m\u001b[36msrc/pages/LoginRegisterForm.test.jsx\u001b[39m\u001b[0m\u001b[2m:55:11)\u001b[22m\u001b[2m\u001b[22m\n\n\u001b[1m\u001b[31m  \u001b[1m● \u001b[22m\u001b[1mLoginRegisterForm › botón Ingresar con Facebook funciona\u001b[39m\u001b[22m\n\n    TypeError: Cannot read properties of undefined (reading 'loginWithGoogle')\n\u001b[2m\u001b[22m\n\u001b[2m    \u001b[0m \u001b[90m 16 |\u001b[39m   \u001b[36mconst\u001b[39m [password\u001b[33m,\u001b[39m setPassword] \u001b[33m=\u001b[39m useState(\u001b[32m''\u001b[39m)\u001b[33m;\u001b[39m\u001b[22m\n\u001b[2m     \u001b[90m 17 |\u001b[39m   \u001b[36mconst\u001b[39m navigate \u001b[33m=\u001b[39m useNavigate()\u001b[33m;\u001b[39m\u001b[22m\n\u001b[2m    \u001b[31m\u001b[1m>\u001b[22m\u001b[2m\u001b[39m\u001b[90m 18 |\u001b[39m   \u001b[36mconst\u001b[39m { loginWithGoogle\u001b[33m,\u001b[39m loginWithFacebook } \u001b[33m=\u001b[39m useContext(\u001b[33mAuthContext\u001b[39m)\u001b[33m;\u001b[39m\u001b[22m\n\u001b[2m     \u001b[90m    |\u001b[39m           \u001b[31m\u001b[1m^\u001b[22m\u001b[2m\u001b[39m\u001b[22m\n\u001b[2m     \u001b[90m 19 |\u001b[39m   \u001b[36mconst\u001b[39m config \u001b[33m=\u001b[39m getConfig()\u001b[33m;\u001b[39m\u001b[22m\n\u001b[2m     \u001b[90m 20 |\u001b[39m   useEffect(() \u001b[33m=>\u001b[39m {\u001b[22m\n\u001b[2m     \u001b[90m 21 |\u001b[39m     \u001b[36mconst\u001b[39m { data\u001b[33m:\u001b[39m { subscription } } \u001b[33m=\u001b[39m supabase\u001b[33m.\u001b[39mauth\u001b[33m.\u001b[39monAuthStateChange((event\u001b[33m,\u001b[39m session) \u001b[33m=>\u001b[39m {\u001b[0m\u001b[22m\n\u001b[2m\u001b[22m\n\u001b[2m      \u001b[2mat loginWithGoogle (\u001b[22m\u001b[2msrc/pages/LoginRegisterForm.jsx\u001b[2m:18:11)\u001b[22m\u001b[2m\u001b[22m\n\u001b[2m      \u001b[2mat renderWithHooks (\u001b[22m\u001b[2mnode_modules/react-dom/cjs/react-dom.development.js\u001b[2m:15486:18)\u001b[22m\u001b[2m\u001b[22m\n\u001b[2m      \u001b[2mat mountIndeterminateComponent (\u001b[22m\u001b[2mnode_modules/react-dom/cjs/react-dom.development.js\u001b[2m:20103:13)\u001b[22m\u001b[2m\u001b[22m\n\u001b[2m      \u001b[2mat beginWork (\u001b[22m\u001b[2mnode_modules/react-dom/cjs/react-dom.development.js\u001b[2m:21626:16)\u001b[22m\u001b[2m\u001b[22m\n\u001b[2m      \u001b[2mat beginWork$1 (\u001b[22m\u001b[2mnode_modules/react-dom/cjs/react-dom.development.js\u001b[2m:27465:14)\u001b[22m\u001b[2m\u001b[22m\n\u001b[2m      \u001b[2mat performUnitOfWork (\u001b[22m\u001b[2mnode_modules/react-dom/cjs/react-dom.development.js\u001b[2m:26599:12)\u001b[22m\u001b[2m\u001b[22m\n\u001b[2m      \u001b[2mat workLoopSync (\u001b[22m\u001b[2mnode_modules/react-dom/cjs/react-dom.development.js\u001b[2m:26505:5)\u001b[22m\u001b[2m\u001b[22m\n\u001b[2m      \u001b[2mat renderRootSync (\u001b[22m\u001b[2mnode_modules/react-dom/cjs/react-dom.development.js\u001b[2m:26473:7)\u001b[22m\u001b[2m\u001b[22m\n\u001b[2m      \u001b[2mat recoverFromConcurrentError (\u001b[22m\u001b[2mnode_modules/react-dom/cjs/react-dom.development.js\u001b[2m:25889:20)\u001b[22m\u001b[2m\u001b[22m\n\u001b[2m      \u001b[2mat performConcurrentWorkOnRoot (\u001b[22m\u001b[2mnode_modules/react-dom/cjs/react-dom.development.js\u001b[2m:25789:22)\u001b[22m\u001b[2m\u001b[22m\n\u001b[2m      \u001b[2mat flushActQueue (\u001b[22m\u001b[2mnode_modules/react/cjs/react.development.js\u001b[2m:2667:24)\u001b[22m\u001b[2m\u001b[22m\n\u001b[2m      \u001b[2mat act (\u001b[22m\u001b[2mnode_modules/react/cjs/react.development.js\u001b[2m:2582:11)\u001b[22m\u001b[2m\u001b[22m\n\u001b[2m      \u001b[2mat \u001b[22m\u001b[2mnode_modules/@testing-library/react/dist/act-compat.js\u001b[2m:47:25\u001b[22m\u001b[2m\u001b[22m\n\u001b[2m      \u001b[2mat renderRoot (\u001b[22m\u001b[2mnode_modules/@testing-library/react/dist/pure.js\u001b[2m:180:26)\u001b[22m\u001b[2m\u001b[22m\n\u001b[2m      \u001b[2mat render (\u001b[22m\u001b[2mnode_modules/@testing-library/react/dist/pure.js\u001b[2m:271:10)\u001b[22m\u001b[2m\u001b[22m\n\u001b[2m      \u001b[2mat Object.<anonymous> (\u001b[22m\u001b[2m\u001b[0m\u001b[36msrc/pages/LoginRegisterForm.test.jsx\u001b[39m\u001b[0m\u001b[2m:61:11)\u001b[22m\u001b[2m\u001b[22m\n","name":"C:\\Users\\lenovo\\Desktop\\futpro2.0\\src\\pages\\LoginRegisterForm.test.jsx","startTime":1759720105442,"status":"failed","summary":""},{"assertionResults":[{"ancestorTitles":["Importación de archivos principales FutPro"],"duration":1958,"failing":false,"failureDetails":[],"failureMessages":[],"fullName":"Importación de archivos principales FutPro Se puede importar app.js sin errores de sintaxis","invocations":1,"location":null,"numPassingAsserts":1,"retryReasons":[],"startAt":1759720107217,"status":"passed","title":"Se puede importar app.js sin errores de sintaxis"},{"ancestorTitles":["Importación de archivos principales FutPro"],"duration":2,"failing":false,"failureDetails":[],"failureMessages":[],"fullName":"Importación de archivos principales FutPro Se puede importar App.jsx sin errores de sintaxis","invocations":1,"location":null,"numPassingAsserts":0,"retryReasons":[],"startAt":1759720109179,"status":"passed","title":"Se puede importar App.jsx sin errores de sintaxis"},{"ancestorTitles":["Importación de archivos principales FutPro"],"duration":990,"failing":false,"failureDetails":[],"failureMessages":[],"fullName":"Importación de archivos principales FutPro Se puede importar AppRouter.jsx sin errores de sintaxis","invocations":1,"location":null,"numPassingAsserts":1,"retryReasons":[],"startAt":1759720109182,"status":"passed","title":"Se puede importar AppRouter.jsx sin errores de sintaxis"},{"ancestorTitles":["Importación de archivos principales FutPro"],"duration":2,"failing":false,"failureDetails":[],"failureMessages":[],"fullName":"Importación de archivos principales FutPro Se puede importar AppRouterSimple.jsx sin errores de sintaxis","invocations":1,"location":null,"numPassingAsserts":0,"retryReasons":[],"startAt":1759720110173,"status":"passed","title":"Se puede importar AppRouterSimple.jsx sin errores de sintaxis"},{"ancestorTitles":["Importación de archivos principales FutPro"],"duration":14,"failing":false,"failureDetails":[],"failureMessages":[],"fullName":"Importación de archivos principales FutPro Se puede importar Dashboard.jsx sin errores de sintaxis","invocations":1,"location":null,"numPassingAsserts":0,"retryReasons":[],"startAt":1759720110176,"status":"passed","title":"Se puede importar Dashboard.jsx sin errores de sintaxis"},{"ancestorTitles":["Importación de archivos principales FutPro"],"duration":4,"failing":false,"failureDetails":[],"failureMessages":[],"fullName":"Importación de archivos principales FutPro Se puede importar FutProApp.jsx sin errores de sintaxis","invocations":1,"location":null,"numPassingAsserts":0,"retryReasons":[],"startAt":1759720110192,"status":"passed","title":"Se puede importar FutProApp.jsx sin errores de sintaxis"},{"ancestorTitles":["Importación de archivos principales FutPro"],"duration":1,"failing":false,"failureDetails":[],"failureMessages":[],"fullName":"Importación de archivos principales FutPro Se puede importar FutProAppCompleto.jsx sin errores de sintaxis","invocations":1,"location":null,"numPassingAsserts":0,"retryReasons":[],"startAt":1759720110200,"status":"passed","title":"Se puede importar FutProAppCompleto.jsx sin errores de sintaxis"},{"ancestorTitles":["Importación de archivos principales FutPro"],"duration":2,"failing":false,"failureDetails":[],"failureMessages":[],"fullName":"Importación de archivos principales FutPro Se puede importar FutProAppDefinitivo.jsx sin errores de sintaxis","invocations":1,"location":null,"numPassingAsserts":0,"retryReasons":[],"startAt":1759720110202,"status":"passed","title":"Se puede importar FutProAppDefinitivo.jsx sin errores de sintaxis"},{"ancestorTitles":["Importación de archivos principales FutPro"],"duration":1,"failing":false,"failureDetails":[],"failureMessages":[],"fullName":"Importación de archivos principales FutPro Se puede importar FutProAppSimple.jsx sin errores de sintaxis","invocations":1,"location":null,"numPassingAsserts":0,"retryReasons":[],"startAt":1759720110205,"status":"passed","title":"Se puede importar FutProAppSimple.jsx sin errores de sintaxis"},{"ancestorTitles":["Importación de archivos principales FutPro"],"duration":1,"failing":false,"failureDetails":[],"failureMessages":[],"fullName":"Importación de archivos principales FutPro Se puede importar FutProRoutes.jsx sin errores de sintaxis","invocations":1,"location":null,"numPassingAsserts":0,"retryReasons":[],"startAt":1759720110207,"status":"passed","title":"Se puede importar FutProRoutes.jsx sin errores de sintaxis"},{"ancestorTitles":["Importación de archivos principales FutPro"],"duration":2,"failing":false,"failureDetails":[],"failureMessages":[],"fullName":"Importación de archivos principales FutPro Se puede importar HomePage.js sin errores de sintaxis","invocations":1,"location":null,"numPassingAsserts":0,"retryReasons":[],"startAt":1759720110217,"status":"passed","title":"Se puede importar HomePage.js sin errores de sintaxis"},{"ancestorTitles":["Importación de archivos principales FutPro"],"duration":1,"failing":false,"failureDetails":[],"failureMessages":[],"fullName":"Importación de archivos principales FutPro Se puede importar i18n.js sin errores de sintaxis","invocations":1,"location":null,"numPassingAsserts":0,"retryReasons":[],"startAt":1759720110220,"status":"passed","title":"Se puede importar i18n.js sin errores de sintaxis"},{"ancestorTitles":["Importación de archivos principales FutPro"],"duration":2,"failing":false,"failureDetails":[],"failureMessages":[],"fullName":"Importación de archivos principales FutPro Se puede importar index.jsx sin errores de sintaxis","invocations":1,"location":null,"numPassingAsserts":0,"retryReasons":[],"startAt":1759720110222,"status":"passed","title":"Se puede importar index.jsx sin errores de sintaxis"},{"ancestorTitles":["Importación de archivos principales FutPro"],"duration":4,"failing":false,"failureDetails":[],"failureMessages":[],"fullName":"Importación de archivos principales FutPro Se puede importar jest.canvas.mock.js sin errores de sintaxis","invocations":1,"location":null,"numPassingAsserts":1,"retryReasons":[],"startAt":1759720110225,"status":"passed","title":"Se puede importar jest.canvas.mock.js sin errores de sintaxis"},{"ancestorTitles":["Importación de archivos principales FutPro"],"duration":2,"failing":false,"failureDetails":[],"failureMessages":[],"fullName":"Importación de archivos principales FutPro Se puede importar jest.chartjs.mock.js sin errores de sintaxis","invocations":1,"location":null,"numPassingAsserts":1,"retryReasons":[],"startAt":1759720110232,"status":"passed","title":"Se puede importar jest.chartjs.mock.js sin errores de sintaxis"},{"ancestorTitles":["Importación de archivos principales FutPro"],"duration":2393,"failing":false,"failureDetails":[],"failureMessages":[],"fullName":"Importación de archivos principales FutPro Se puede importar main.js sin errores de sintaxis","invocations":1,"location":null,"numPassingAsserts":1,"retryReasons":[],"startAt":1759720110235,"status":"passed","title":"Se puede importar main.js sin errores de sintaxis"},{"ancestorTitles":["Importación de archivos principales FutPro"],"duration":5464,"failing":false,"failureDetails":[],"failureMessages":[],"fullName":"Importación de archivos principales FutPro Se puede importar main.jsx sin errores de sintaxis","invocations":1,"location":null,"numPassingAsserts":1,"retryReasons":[],"startAt":1759720112840,"status":"passed","title":"Se puede importar main.jsx sin errores de sintaxis"},{"ancestorTitles":["Importación de archivos principales FutPro"],"duration":4,"failing":false,"failureDetails":[],"failureMessages":[],"fullName":"Importación de archivos principales FutPro Se puede importar MediaPage.js sin errores de sintaxis","invocations":1,"location":null,"numPassingAsserts":0,"retryReasons":[],"startAt":1759720118307,"status":"passed","title":"Se puede importar MediaPage.js sin errores de sintaxis"},{"ancestorTitles":["Importación de archivos principales FutPro"],"duration":1,"failing":false,"failureDetails":[],"failureMessages":[],"fullName":"Importación de archivos principales FutPro Se puede importar PerfilAvanzado.jsx sin errores de sintaxis","invocations":1,"location":null,"numPassingAsserts":0,"retryReasons":[],"startAt":1759720118313,"status":"passed","title":"Se puede importar PerfilAvanzado.jsx sin errores de sintaxis"},{"ances
[...]
39m)\u001b[33m;\u001b[39m\n    \u001b[31m\u001b[1m>\u001b[22m\u001b[39m\u001b[90m 10 |\u001b[39m \u001b[36mconst\u001b[39m { app } \u001b[33m=\u001b[39m require(\u001b[32m'../server'\u001b[39m)\u001b[33m;\u001b[39m\n     \u001b[90m    |\u001b[39m                 \u001b[31m\u001b[1m^\u001b[22m\u001b[39m\n     \u001b[90m 11 |\u001b[39m\n     \u001b[90m 12 |\u001b[39m describe(\u001b[32m'Grupos de chat y ubicación'\u001b[39m\u001b[33m,\u001b[39m () \u001b[33m=>\u001b[39m {\n     \u001b[90m 13 |\u001b[39m   \u001b[36mconst\u001b[39m token \u001b[33m=\u001b[39m \u001b[32m'TOKEN_DE_PRUEBA'\u001b[39m\u001b[33m;\u001b[39m\u001b[0m\n\n      \u001b[2mat Runtime.createScriptFromCode (\u001b[22mnode_modules/jest-runtime/build/index.js\u001b[2m:1318:40)\u001b[22m\n      \u001b[2mat Object.require (\u001b[22m\u001b[0m\u001b[36mtesting/grupos_chat_ubicacion.test.js\u001b[39m\u001b[0m\u001b[2m:10:17)\u001b[22m\n","name":"C:\\Users\\lenovo\\Desktop\\futpro2.0\\testing\\grupos_chat_ubicacion.test.js","startTime":1759720190602,"status":"failed","summary":""},{"assertionResults":[],"coverage":{},"endTime":1759720190602,"message":"  \u001b[1m● \u001b[22mTest suite failed to run\n\n    \u001b[1m\u001b[31mJest encountered an unexpected token\u001b[39m\u001b[22m\n\n    Jest failed to parse a file. This happens e.g. when your code or its dependencies use non-standard JavaScript syntax, or when Jest is not configured to support such syntax.\n\n    Out of the box Jest supports Babel, which will be used to transform your files into valid JS based on your Babel configuration.\n\n    By default \"node_modules\" folder is ignored by transformers.\n\n    Here's what you can do:\n     • If you are trying to use ECMAScript Modules, see \u001b[4mhttps://jestjs.io/docs/ecmascript-modules\u001b[24m for how to enable it.\n     • If you are trying to use TypeScript, see \u001b[4mhttps://jestjs.io/docs/getting-started#using-typescript\u001b[24m\n     • To have some of your \"node_modules\" files transformed, you can specify a custom \u001b[1m\"transformIgnorePatterns\"\u001b[22m in your config.\n     • If you need a custom transformation, specify a \u001b[1m\"transform\"\u001b[22m option in your config.\n     • If you simply want to mock your non-JS modules (e.g. binary assets) you can stub them out with the \u001b[1m\"moduleNameMapper\"\u001b[22m config option.\n\n    You'll find more details and examples of these config options in the docs:\n    \u001b[36mhttps://jestjs.io/docs/configuration\u001b[39m\n    For information about custom transformations, see:\n    \u001b[36mhttps://jestjs.io/docs/code-transformation\u001b[39m\n\n    \u001b[1m\u001b[31mDetails:\u001b[39m\u001b[22m\n\n    C:\\Users\\lenovo\\Desktop\\futpro2.0\\server.js:31\n      var _await$import = await Promise.resolve().then(function () {\n                          ^^^^^\n\n    SyntaxError: await is only valid in async functions and the top level bodies of modules\n\n    \u001b[0m \u001b[90m  8 |\u001b[39m })\u001b[33m;\u001b[39m\n     \u001b[90m  9 |\u001b[39m \u001b[36mconst\u001b[39m request \u001b[33m=\u001b[39m require(\u001b[32m'supertest'\u001b[39m)\u001b[33m;\u001b[39m\n    \u001b[31m\u001b[1m>\u001b[22m\u001b[39m\u001b[90m 10 |\u001b[39m \u001b[36mconst\u001b[39m { app } \u001b[33m=\u001b[39m require(\u001b[32m'../server'\u001b[39m)\u001b[33m;\u001b[39m\n     \u001b[90m    |\u001b[39m                 \u001b[31m\u001b[1m^\u001b[22m\u001b[39m\n     \u001b[90m 11 |\u001b[39m \u001b[36mconst\u001b[39m path \u001b[33m=\u001b[39m require(\u001b[32m'path'\u001b[39m)\u001b[33m;\u001b[39m\n     \u001b[90m 12 |\u001b[39m\n     \u001b[90m 13 |\u001b[39m describe(\u001b[32m'Foto de perfil'\u001b[39m\u001b[33m,\u001b[39m () \u001b[33m=>\u001b[39m {\u001b[0m\n\n      \u001b[2mat Runtime.createScriptFromCode (\u001b[22mnode_modules/jest-runtime/build/index.js\u001b[2m:1318:40)\u001b[22m\n      \u001b[2mat Object.require (\u001b[22m\u001b[0m\u001b[36mtesting/foto_perfil.test.js\u001b[39m\u001b[0m\u001b[2m:10:17)\u001b[22m\n","name":"C:\\Users\\lenovo\\Desktop\\futpro2.0\\testing\\foto_perfil.test.js","startTime":1759720190602,"status":"failed","summary":""},{"assertionResults":[],"coverage":{},"endTime":1759720190602,"message":"  \u001b[1m● \u001b[22mTest suite failed to run\n\n    \u001b[1m\u001b[31mJest encountered an unexpected token\u001b[39m\u001b[22m\n\n    Jest failed to parse a file. This happens e.g. when your code or its dependencies use non-standard JavaScript syntax, or when Jest is not configured to support such syntax.\n\n    Out of the box Jest supports Babel, which will be used to transform your files into valid JS based on your Babel configuration.\n\n    By default \"node_modules\" folder is ignored by transformers.\n\n    Here's what you can do:\n     • If you are trying to use ECMAScript Modules, see \u001b[4mhttps://jestjs.io/docs/ecmascript-modules\u001b[24m for how to enable it.\n     • If you are trying to use TypeScript, see \u001b[4mhttps://jestjs.io/docs/getting-started#using-typescript\u001b[24m\n     • To have some of your \"node_modules\" files transformed, you can specify a custom \u001b[1m\"transformIgnorePatterns\"\u001b[22m in your config.\n     • If you need a custom transformation, specify a \u001b[1m\"transform\"\u001b[22m option in your config.\n     • If you simply want to mock your non-JS modules (e.g. binary assets) you can stub them out with the \u001b[1m\"moduleNameMapper\"\u001b[22m config option.\n\n    You'll find more details and examples of these config options in the docs:\n    \u001b[36mhttps://jestjs.io/docs/configuration\u001b[39m\n    For information about custom transformations, see:\n    \u001b[36mhttps://jestjs.io/docs/code-transformation\u001b[39m\n\n    \u001b[1m\u001b[31mDetails:\u001b[39m\u001b[22m\n\n    C:\\Users\\lenovo\\Desktop\\futpro2.0\\server.js:31\n      var _await$import = await Promise.resolve().then(function () {\n                          ^^^^^\n\n    SyntaxError: await is only valid in async functions and the top level bodies of modules\n\n    \u001b[0m \u001b[90m 2 |\u001b[39m \u001b[90m// Test real para envío de mensaje usando el endpoint real de tu backend\u001b[39m\n     \u001b[90m 3 |\u001b[39m \u001b[36mconst\u001b[39m request \u001b[33m=\u001b[39m require(\u001b[32m'supertest'\u001b[39m)\u001b[33m;\u001b[39m\n    \u001b[31m\u001b[1m>\u001b[22m\u001b[39m\u001b[90m 4 |\u001b[39m \u001b[36mconst\u001b[39m { app } \u001b[33m=\u001b[39m require(\u001b[32m'../server'\u001b[39m)\u001b[33m;\u001b[39m\n     \u001b[90m   |\u001b[39m                 \u001b[31m\u001b[1m^\u001b[22m\u001b[39m\n     \u001b[90m 5 |\u001b[39m \u001b[36mconst\u001b[39m { getToken } \u001b[33m=\u001b[39m require(\u001b[32m'./auth_token_real.helper'\u001b[39m)\u001b[33m;\u001b[39m\n     \u001b[90m 6 |\u001b[39m\n     \u001b[90m 7 |\u001b[39m describe(\u001b[32m'Chat (real)'\u001b[39m\u001b[33m,\u001b[39m () \u001b[33m=>\u001b[39m {\u001b[0m\n\n      \u001b[2mat Runtime.createScriptFromCode (\u001b[22mnode_modules/jest-runtime/build/index.js\u001b[2m:1318:40)\u001b[22m\n      \u001b[2mat Object.require (\u001b[22m\u001b[0m\u001b[36mtesting/chat_real.test.js\u001b[39m\u001b[0m\u001b[2m:4:17)\u001b[22m\n","name":"C:\\Users\\lenovo\\Desktop\\futpro2.0\\testing\\chat_real.test.js","startTime":1759720190602,"status":"failed","summary":""},{"assertionResults":[],"coverage":{},"endTime":1759720190602,"message":"  \u001b[1m● \u001b[22mTest suite failed to run\n\n    \u001b[1m\u001b[31mJest encountered an unexpected token\u001b[39m\u001b[22m\n\n    Jest failed to parse a file. This happens e.g. when your code or its dependencies use non-standard JavaScript syntax, or when Jest is not configured to support such syntax.\n\n    Out of the box Jest supports Babel, which will be used to transform your files into valid JS based on your Babel configuration.\n\n    By default \"node_modules\" folder is ignored by transformers.\n\n    Here's what you can do:\n     • If you are trying to use ECMAScript Modules, see \u001b[4mhttps://jestjs.io/docs/ecmascript-modules\u001b[24m for how to enable it.\n     • If you are trying to use TypeScript, see \u001b[4mhttps://jestjs.io/docs/getting-started#using-typescript\u001b[24m\n     • To have some of your \"node_modules\" files transformed, you can specify a custom \u001b[1m\"transformIgnorePatterns\"\u001b[22m in your config.\n     • If you need a custom transformation, specify a \u001b[1m\"transform\"\u001b[22m option in your config.\n     • If you simply want to mock your non-JS modules (e.g. binary assets) you can stub them out with the \u001b[1m\"moduleNameMapper\"\u001b[22m config option.\n\n    You'll find more details and examples of these config options in the docs:\n    \u001b[36mhttps://jestjs.io/docs/configuration\u001b[39m\n    For information about custom transformations, see:\n    \u001b[36mhttps://jestjs.io/docs/code-transformation\u001b[39m\n\n    \u001b[1m\u001b[31mDetails:\u001b[39m\u001b[22m\n\n    C:\\Users\\lenovo\\Desktop\\futpro2.0\\server.js:31\n      var _await$import = await Promise.resolve().then(function () {\n                          ^^^^^\n\n    SyntaxError: await is only valid in async functions and the top level bodies of modules\n\n    \u001b[0m \u001b[90m  9 |\u001b[39m\n     \u001b[90m 10 |\u001b[39m \u001b[36mconst\u001b[39m request \u001b[33m=\u001b[39m require(\u001b[32m'supertest'\u001b[39m)\u001b[33m;\u001b[39m\n    \u001b[31m\u001b[1m>\u001b[22m\u001b[39m\u001b[90m 11 |\u001b[39m \u001b[36mconst\u001b[39m { app\u001b[33m,\u001b[39m server } \u001b[33m=\u001b[39m require(\u001b[32m'../server'\u001b[39m)\u001b[33m;\u001b[39m\n     \u001b[90m    |\u001b[39m                         \u001b[31m\u001b[1m^\u001b[22m\u001b[39m\n     \u001b[90m 12 |\u001b[39m\n     \u001b[90m 13 |\u001b[39m \u001b[36mconst\u001b[39m testUser \u001b[33m=\u001b[39m {\n     \u001b[90m 14 |\u001b[39m   email\u001b[33m:\u001b[39m \u001b[32m'testuser@example.com'\u001b[39m\u001b[33m,\u001b[39m\u001b[0m\n\n      \u001b[2mat Runtime.createScriptFromCode (\u001b[22mnode_modules/jest-runtime/build/index.js\u001b[2m:1318:40)\u001b[22m\n      \u001b[2mat Object.require (\u001b[22m\u001b[0m\u001b[36mtesting/auth_token_real.test.js\u001b[39m\u001b[0m\u001b[2m:11:25)\u001b[22m\n","name":"C:\\Users\\lenovo\\Desktop\\futpro2.0\\testing\\auth_token_real.test.js","startTime":1759720190602,"status":"failed","summary":""},{"assertionResults":[],"coverage":{},"endTime":1759720190602,"message":"  \u001b[1m● \u001b[22mTest suite failed to run\n\n    \u001b[1m\u001b[31mJest encountered an unexpected token\u001b[39m\u001b[22m\n\n    Jest failed to parse a file. This happens e.g. when your code or its dependencies use non-standard JavaScript syntax, or when Jest is not configured to support such syntax.\n\n    Out of the box Jest supports Babel, which will be used to transform your files into valid JS based on your Babel configuration.\n\n    By default \"node_modules\" folder is ignored by transformers.\n\n    Here's what you can do:\n     • If you are trying to use ECMAScript Modules, see \u001b[4mhttps://jestjs.io/docs/ecmascript-modules\u001b[24m for how to enable it.\n     • If you are trying to use TypeScript, see \u001b[4mhttps://jestjs.io/docs/getting-started#using-typescript\u001b[24m\n     • To have some of your \"node_modules\" files transformed, you can specify a custom \u001b[1m\"transformIgnorePatterns\"\u001b[22m in your config.\n     • If you need a custom transformation, specify a \u001b[1m\"transform\"\u001b[22m option in your config.\n     • If you simply want to mock your non-JS modules (e.g. binary assets) you can stub them out with the \u001b[1m\"moduleNameMapper\"\u001b[22m config option.\n\n    You'll find more details and examples of these config options in the docs:\n    \u001b[36mhttps://jestjs.io/docs/configuration\u001b[39m\n    For information about custom transformations, see:\n    \u001b[36mhttps://jestjs.io/docs/code-transformation\u001b[39m\n\n    \u001b[1m\u001b[31mDetails:\u001b[39m\u001b[22m\n\n    C:\\Users\\lenovo\\Desktop\\futpro2.0\\server.js:31\n      var _await$import = await Promise.resolve().then(function () {\n                          ^^^^^\n\n    SyntaxError: await is only valid in async functions and the top level bodies of modules\n\n    \u001b[0m \u001b[90m  8 |\u001b[39m \u001b[36mconst\u001b[39m request \u001b[33m=\u001b[39m require(\u001b[32m'supertest'\u001b[39m)\u001b[33m;\u001b[39m\n     \u001b[90m  9 |\u001b[39m describe(\u001b[32m'Auth (real)'\u001b[39m\u001b[33m,\u001b[39m () \u001b[33m=>\u001b[39m {\n    \u001b[31m\u001b[1m>\u001b[22m\u001b[39m\u001b[90m 10 |\u001b[39m \u001b[36mconst\u001b[39m { server } \u001b[33m=\u001b[39m require(\u001b[32m'../server'\u001b[39m)\u001b[33m;\u001b[39m\n     \u001b[90m    |\u001b[39m                    \u001b[31m\u001b[1m^\u001b[22m\u001b[39m\n     \u001b[90m 11 |\u001b[39m describe(\u001b[32m'Auth (real)'\u001b[39m\u001b[33m,\u001b[39m () \u001b[33m=>\u001b[39m {\n     \u001b[90m 12 |\u001b[39m   \u001b[36mconst\u001b[39m testUser \u001b[33m=\u001b[39m {\n     \u001b[90m 13 |\u001b[39m \u001b[90m// Removed duplicate describe block\u001b[39m\u001b[0m\n\n      \u001b[2mat Runtime.createScriptFromCode (\u001b[22mnode_modules/jest-runtime/build/index.js\u001b[2m:1318:40)\u001b[22m\n      \u001b[2mat require (\u001b[22m\u001b[0m\u001b[36mtesting/auth_real.test.js\u001b[39m\u001b[0m\u001b[2m:10:20)\u001b[22m\n      \u001b[2mat Object.describe (\u001b[22m\u001b[0m\u001b[36mtesting/auth_real.test.js\u001b[39m\u001b[0m\u001b[2m:9:1)\u001b[22m\n","name":"C:\\Users\\lenovo\\Desktop\\futpro2.0\\testing\\auth_real.test.js","startTime":1759720190602,"status":"failed","summary":""},{"assertionResults":[],"coverage":{},"endTime":1759720190602,"message":"  \u001b[1m● \u001b[22mTest suite failed to run\n\n    \u001b[1m\u001b[31mJest encountered an unexpected token\u001b[39m\u001b[22m\n\n    Jest failed to parse a file. This happens e.g. when your code or its dependencies use non-standard JavaScript syntax, or when Jest is not configured to support such syntax.\n\n    Out of the box Jest supports Babel, which will be used to transform your files into valid JS based on your Babel configuration.\n\n    By default \"node_modules\" folder is ignored by transformers.\n\n    Here's what you can do:\n     • If you are trying to use ECMAScript Modules, see \u001b[4mhttps://jestjs.io/docs/ecmascript-modules\u001b[24m for how to enable it.\n     • If you are trying to use TypeScript, see \u001b[4mhttps://jestjs.io/docs/getting-started#using-typescript\u001b[24m\n     • To have some of your \"node_modules\" files transformed, you can specify a custom \u001b[1m\"transformIgnorePatterns\"\u001b[22m in your config.\n     • If you need a custom transformation, specify a \u001b[1m\"transform\"\u001b[22m option in your config.\n     • If you simply want to mock your non-JS modules (e.g. binary assets) you can stub them out with the \u001b[1m\"moduleNameMapper\"\u001b[22m config option.\n\n    You'll find more details and examples of these config options in the docs:\n    \u001b[36mhttps://jestjs.io/docs/configuration\u001b[39m\n    For information about custom transformations, see:\n    \u001b[36mhttps://jestjs.io/docs/code-transformation\u001b[39m\n\n    \u001b[1m\u001b[31mDetails:\u001b[39m\u001b[22m\n\n    C:\\Users\\lenovo\\Desktop\\futpro2.0\\server.js:31\n      var _await$import = await Promise.resolve().then(function () {\n                          ^^^^^\n\n    SyntaxError: await is only valid in async functions and the top level bodies of modules\n\n    \u001b[0m \u001b[90m 2 |\u001b[39m \u001b[90m// Test real para crear y aceptar amistosos\u001b[39m\n     \u001b[90m 3 |\u001b[39m \u001b[36mconst\u001b[39m request \u001b[33m=\u001b[39m require(\u001b[32m'supertest'\u001b[39m)\u001b[33m;\u001b[39m\n    \u001b[31m\u001b[1m>\u001b[22m\u001b[39m\u001b[90m 4 |\u001b[39m \u001b[36mconst\u001b[39m { app } \u001b[33m=\u001b[39m require(\u001b[32m'../server'\u001b[39m)\u001b[33m;\u001b[39m\n     \u001b[90m   |\u001b[39m                 \u001b[31m\u001b[1m^\u001b[22m\u001b[39m\n     \u001b[90m 5 |\u001b[39m \u001b[36mconst\u001b[39m { getToken } \u001b[33m=\u001b[39m require(\u001b[32m'./auth_token_real.helper'\u001b[39m)\u001b[33m;\u001b[39m\n     \u001b[90m 6 |\u001b[39m\n     \u001b[90m 7 |\u001b[39m describe(\u001b[32m'Amistosos (real)'\u001b[39m\u001b[33m,\u001b[39m () \u001b[33m=>\u001b[39m {\u001b[0m\n\n      \u001b[2mat Runtime.createScriptFromCode (\u001b[22mnode_modules/jest-runtime/build/index.js\u001b[2m:1318:40)\u001b[22m\n      \u001b[2mat Object.require (\u001b[22m\u001b[0m\u001b[36mtesting/amistosos_real.test.js\u001b[39m\u001b[0m\u001b[2m:4:17)\u001b[22m\n","name":"C:\\Users\\lenovo\\Desktop\\futpro2.0\\testing\\amistosos_real.test.js","startTime":1759720190602,"status":"failed","summary":""},{"assertionResults":[],"coverage":{},"endTime":1759720190602,"message":"  \u001b[1m● \u001b[22mTest suite failed to run\n\n    \u001b[1m\u001b[31mJest encountered an unexpected token\u001b[39m\u001b[22m\n\n    Jest failed to parse a file. This happens e.g. when your code or its dependencies use non-standard JavaScript syntax, or when Jest is not configured to support such syntax.\n\n    Out of the box Jest supports Babel, which will be used to transform your files into valid JS based on your Babel configuration.\n\n    By default \"node_modules\" folder is ignored by transformers.\n\n    Here's what you can do:\n     • If you are trying to use ECMAScript Modules, see \u001b[4mhttps://jestjs.io/docs/ecmascript-modules\u001b[24m for how to enable it.\n     • If you are trying to use TypeScript, see \u001b[4mhttps://jestjs.io/docs/getting-started#using-typescript\u001b[24m\n     • To have some of your \"node_modules\" files transformed, you can specify a custom \u001b[1m\"transformIgnorePatterns\"\u001b[22m in your config.\n     • If you need a custom transformation, specify a \u001b[1m\"transform\"\u001b[22m option in your config.\n     • If you simply want to mock your non-JS modules (e.g. binary assets) you can stub them out with the \u001b[1m\"moduleNameMapper\"\u001b[22m config option.\n\n    You'll find more details and examples of these config options in the docs:\n    \u001b[36mhttps://jestjs.io/docs/configuration\u001b[39m\n    For information about custom transformations, see:\n    \u001b[36mhttps://jestjs.io/docs/code-transformation\u001b[39m\n\n    \u001b[1m\u001b[31mDetails:\u001b[39m\u001b[22m\n\n    C:\\Users\\lenovo\\Desktop\\futpro2.0\\server.js:31\n      var _await$import = await Promise.resolve().then(function () {\n                          ^^^^^\n\n    SyntaxError: await is only valid in async functions and the top level bodies of modules\n\n    \u001b[0m \u001b[90m 19 |\u001b[39m })\u001b[33m;\u001b[39m\n     \u001b[90m 20 |\u001b[39m \u001b[36mconst\u001b[39m request \u001b[33m=\u001b[39m require(\u001b[32m'supertest'\u001b[39m)\u001b[33m;\u001b[39m\n    \u001b[31m\u001b[1m>\u001b[22m\u001b[39m\u001b[90m 21 |\u001b[39m \u001b[36mconst\u001b[39m { app } \u001b[33m=\u001b[39m require(\u001b[32m'../server'\u001b[39m)\u001b[33m;\u001b[39m\n     \u001b[90m    |\u001b[39m                 \u001b[31m\u001b[1m^\u001b[22m\u001b[39m\n     \u001b[90m 22 |\u001b[39m\n     \u001b[90m 23 |\u001b[39m \u001b[36mfunction\u001b[39m limpiarEntrada(texto) {\n     \u001b[90m 24 |\u001b[39m   texto \u001b[33m=\u001b[39m texto\u001b[33m.\u001b[39mreplace(\u001b[35m/<[^>]*>?/gm\u001b[39m\u001b[33m,\u001b[39m \u001b[32m''\u001b[39m)\u001b[33m;\u001b[39m\u001b[0m\n\n      \u001b[2mat Runtime.createScriptFromCode (\u001b[22mnode_modules/jest-runtime/build/index.js\u001b[2m:1318:40)\u001b[22m\n      \u001b[2mat Object.require (\u001b[22m\u001b[0m\u001b[36mtesting/amistosos.test.js\u001b[39m\u001b[0m\u001b[2m:21:17)\u001b[22m\n","name":"C:\\Users\\lenovo\\Desktop\\futpro2.0\\testing\\amistosos.test.js","startTime":1759720190602,"status":"failed","summary":""}],"wasInterrupted":false}
